2025-12-12 09:43:26 - DataHandler - INFO - All reference lines loaded successfully.
2025-12-12 09:47:59 - DataHandler - INFO - Saved reference line: REFERENCE_LINE_K_D2.npy
2025-12-12 09:47:59 - DataHandler - INFO - All reference lines loaded successfully.
2025-12-12 09:48:34 - DataHandler - INFO - Saved reference line: REFERENCE_LINE_K_D2.npy
2025-12-12 09:48:34 - DataHandler - INFO - All reference lines loaded successfully.
2025-12-12 11:40:49 - DataHandler - INFO - All reference lines loaded successfully.
2025-12-15 09:15:33 - DataHandler - INFO - All reference lines loaded successfully.
2025-12-15 09:20:50 - DataHandler - INFO - Saved reference line: REFERENCE_LINE_K_D2.npy
2025-12-15 09:20:50 - DataHandler - INFO - All reference lines loaded successfully.
2025-12-15 09:21:14 - DataHandler - INFO - Saved reference line: REFERENCE_LINE_K_D2.npy
2025-12-15 09:21:14 - DataHandler - INFO - All reference lines loaded successfully.
2025-12-15 09:35:54 - DataHandler - INFO - Saved reference line: REFERENCE_LINE_K_D2.npy
2025-12-15 09:35:54 - DataHandler - INFO - All reference lines loaded successfully.
2025-12-15 10:41:42 - DataHandler - INFO - All reference lines loaded successfully.
2025-12-15 10:53:51 - DataHandler - INFO - All reference lines loaded successfully.
2025-12-15 14:12:23 - DataHandler - INFO - All reference lines loaded successfully.
2025-12-15 14:40:24 - DataHandler - INFO - Saved reference line: REFERENCE_LINE_K_D2.npy
2025-12-15 14:40:24 - DataHandler - INFO - All reference lines loaded successfully.
2025-12-15 14:40:57 - DataHandler - INFO - Saved reference line: REFERENCE_LINE_K_D2.npy
2025-12-15 14:40:57 - DataHandler - INFO - All reference lines loaded successfully.
2025-12-15 14:41:03 - DataHandler - INFO - Saved reference line: REFERENCE_LINE_K_D2.npy
2025-12-15 14:41:03 - DataHandler - INFO - All reference lines loaded successfully.
2025-12-15 16:29:27 - DataHandler - INFO - Saved reference line: REFERENCE_LINE_K_D2.npy
2025-12-15 16:29:27 - DataHandler - INFO - All reference lines loaded successfully.
2025-12-15 16:30:10 - DataHandler - INFO - Saved reference line: REFERENCE_LINE_K_D2.npy
2025-12-15 16:30:10 - DataHandler - INFO - All reference lines loaded successfully.
2025-12-15 17:03:54 - DataHandler - INFO - All reference lines loaded successfully.
2025-12-16 08:34:27 - DataHandler - INFO - All reference lines loaded successfully.
2025-12-16 10:02:11 - DataHandler - INFO - Saved reference line: REFERENCE_LINE_K_D2.npy
2025-12-16 10:02:11 - DataHandler - INFO - All reference lines loaded successfully.
2025-12-16 10:02:54 - DataHandler - INFO - Saved reference line: REFERENCE_LINE_K_D2.npy
2025-12-16 10:02:54 - DataHandler - INFO - All reference lines loaded successfully.
2025-12-16 10:03:00 - DataHandler - INFO - Saved reference line: REFERENCE_LINE_K_D2.npy
2025-12-16 10:03:00 - DataHandler - INFO - All reference lines loaded successfully.
2025-12-16 10:22:34 - DataHandler - INFO - Saved reference line: REFERENCE_LINE_K_D2.npy
2025-12-16 10:22:34 - DataHandler - INFO - All reference lines loaded successfully.
2025-12-16 10:23:08 - DataHandler - INFO - Saved reference line: REFERENCE_LINE_K_D2.npy
2025-12-16 10:23:08 - DataHandler - INFO - All reference lines loaded successfully.
2025-12-16 15:32:41 - DataHandler - INFO - Saved reference line: REFERENCE_LINE_K_D2.npy
2025-12-16 15:32:41 - DataHandler - INFO - All reference lines loaded successfully.
2025-12-16 15:33:54 - DataHandler - INFO - Saved reference line: REFERENCE_LINE_K_D2.npy
2025-12-16 15:33:54 - DataHandler - INFO - All reference lines loaded successfully.
2025-12-16 15:34:04 - DataHandler - INFO - Saved reference line: REFERENCE_LINE_K_D2.npy
2025-12-16 15:34:04 - DataHandler - INFO - All reference lines loaded successfully.
2025-12-16 15:34:09 - DataHandler - INFO - Saved reference line: REFERENCE_LINE_K_D2.npy
2025-12-16 15:34:09 - DataHandler - INFO - All reference lines loaded successfully.
2025-12-16 15:34:18 - DataHandler - INFO - Saved reference line: REFERENCE_LINE_K_D2.npy
2025-12-16 15:34:18 - DataHandler - INFO - All reference lines loaded successfully.
2025-12-16 15:34:24 - DataHandler - INFO - Saved reference line: REFERENCE_LINE_K_D2.npy
2025-12-16 15:34:24 - DataHandler - INFO - All reference lines loaded successfully.
2025-12-16 15:34:29 - DataHandler - INFO - Saved reference line: REFERENCE_LINE_K_D2.npy
2025-12-16 15:34:29 - DataHandler - INFO - All reference lines loaded successfully.
2025-12-16 15:34:35 - DataHandler - INFO - Saved reference line: REFERENCE_LINE_K_D2.npy
2025-12-16 15:34:35 - DataHandler - INFO - All reference lines loaded successfully.
2025-12-16 15:34:41 - DataHandler - INFO - Saved reference line: REFERENCE_LINE_K_D2.npy
2025-12-16 15:34:41 - DataHandler - INFO - All reference lines loaded successfully.
2025-12-16 15:34:46 - DataHandler - INFO - Saved reference line: REFERENCE_LINE_K_D2.npy
2025-12-16 15:34:46 - DataHandler - INFO - All reference lines loaded successfully.
2025-12-16 15:34:50 - DataHandler - INFO - Saved reference line: REFERENCE_LINE_K_D2.npy
2025-12-16 15:34:50 - DataHandler - INFO - All reference lines loaded successfully.
2025-12-16 15:43:22 - DataHandler - INFO - All reference lines loaded successfully.
2025-12-16 15:45:22 - DataHandler - INFO - Saved reference line: REFERENCE_LINE_K_D2.npy
2025-12-16 15:45:22 - DataHandler - INFO - All reference lines loaded successfully.
2025-12-16 15:46:12 - DataHandler - INFO - Saved reference line: REFERENCE_LINE_K_D2.npy
2025-12-16 15:46:12 - DataHandler - INFO - All reference lines loaded successfully.
2025-12-16 15:46:30 - DataHandler - INFO - Saved reference line: REFERENCE_LINE_K_D2.npy
2025-12-16 15:46:30 - DataHandler - INFO - All reference lines loaded successfully.
2025-12-16 15:46:34 - DataHandler - INFO - Saved reference line: REFERENCE_LINE_K_D2.npy
2025-12-16 15:46:34 - DataHandler - INFO - All reference lines loaded successfully.
2025-12-16 15:46:46 - DataHandler - INFO - Saved reference line: REFERENCE_LINE_K_D2.npy
2025-12-16 15:46:46 - DataHandler - INFO - All reference lines loaded successfully.
2025-12-16 15:46:58 - DataHandler - INFO - Saved reference line: REFERENCE_LINE_K_D2.npy
2025-12-16 15:46:58 - DataHandler - INFO - All reference lines loaded successfully.
2025-12-16 15:47:02 - DataHandler - INFO - Saved reference line: REFERENCE_LINE_K_D2.npy
2025-12-16 15:47:02 - DataHandler - INFO - All reference lines loaded successfully.
2025-12-17 08:36:24 - DataHandler - INFO - All reference lines loaded successfully.
2025-12-17 08:39:41 - DataHandler - INFO - Saved reference line: REFERENCE_LINE_K_D2.npy
2025-12-17 08:39:41 - DataHandler - INFO - All reference lines loaded successfully.
2025-12-17 08:40:17 - DataHandler - INFO - Saved reference line: REFERENCE_LINE_K_D2.npy
2025-12-17 08:40:17 - DataHandler - INFO - All reference lines loaded successfully.
2025-12-17 17:03:16 - DataHandler - INFO - All reference lines loaded successfully.
2025-12-18 08:32:06 - DataHandler - INFO - All reference lines loaded successfully.
2025-12-18 16:25:03 - DataHandler - INFO - All reference lines loaded successfully.
2026-01-19 10:43:01 - DataHandler - INFO - All reference lines loaded successfully.
2026-01-19 10:50:13 - DataHandler - INFO - Saved reference line: REFERENCE_LINE_K_D2.npy
2026-01-19 10:50:13 - DataHandler - INFO - All reference lines loaded successfully.
2026-01-19 10:50:54 - DataHandler - INFO - Saved reference line: REFERENCE_LINE_K_D2.npy
2026-01-19 10:50:54 - DataHandler - INFO - All reference lines loaded successfully.
2026-01-19 10:51:16 - DataHandler - INFO - Saved reference line: REFERENCE_LINE_K_D2.npy
2026-01-19 10:51:16 - DataHandler - INFO - All reference lines loaded successfully.
2026-01-19 12:16:39 - DataHandler - INFO - All reference lines loaded successfully.
2026-01-19 12:55:12 - DataHandler - INFO - All reference lines loaded successfully.
2026-01-19 12:55:48 - DataHandler - INFO - Saved reference line: REFERENCE_LINE_K_D2.npy
2026-01-19 12:55:48 - DataHandler - INFO - All reference lines loaded successfully.
2026-01-19 12:56:22 - DataHandler - INFO - Saved reference line: REFERENCE_LINE_K_D2.npy
2026-01-19 12:56:22 - DataHandler - INFO - All reference lines loaded successfully.
2026-01-19 12:56:30 - DataHandler - INFO - Saved reference line: REFERENCE_LINE_K_D2.npy
2026-01-19 12:56:30 - DataHandler - INFO - All reference lines loaded successfully.
2026-01-19 12:56:35 - DataHandler - INFO - Saved reference line: REFERENCE_LINE_K_D2.npy
2026-01-19 12:56:35 - DataHandler - INFO - All reference lines loaded successfully.
2026-01-19 13:12:30 - DataHandler - INFO - Saved reference line: REFERENCE_LINE_K_D2.npy
2026-01-19 13:12:30 - DataHandler - INFO - All reference lines loaded successfully.
2026-01-19 13:12:38 - DataHandler - INFO - Saved reference line: REFERENCE_LINE_K_D2.npy
2026-01-19 13:12:38 - DataHandler - INFO - All reference lines loaded successfully.
2026-01-19 14:22:20 - DataHandler - INFO - All reference lines loaded successfully.
2026-01-20 08:30:59 - DataHandler - INFO - All reference lines loaded successfully.
2026-01-20 08:36:40 - DataHandler - INFO - Saved reference line: REFERENCE_LINE_K_D2.npy
2026-01-20 08:36:40 - DataHandler - INFO - All reference lines loaded successfully.
2026-01-20 08:37:23 - DataHandler - INFO - Saved reference line: REFERENCE_LINE_K_D2.npy
2026-01-20 08:37:23 - DataHandler - INFO - All reference lines loaded successfully.
2026-01-20 08:37:39 - DataHandler - INFO - Saved reference line: REFERENCE_LINE_K_D2.npy
2026-01-20 08:37:39 - DataHandler - ERROR - Failed to load reference lines: too many indices for array: array is 1-dimensional, but 2 were indexed
2026-01-20 08:37:39 - DataHandler - ERROR - Traceback (most recent call last):
  File "/home/bec3/Desktop/Simone_Damian/Serafini/GettingStarted_lib/data_handler.py", line 34, in _load_reference_lines
    "x": reference_line[:, 0],
IndexError: too many indices for array: array is 1-dimensional, but 2 were indexed

2026-01-20 08:37:47 - DataHandler - INFO - Saved reference line: REFERENCE_LINE_K_D2.npy
2026-01-20 08:37:47 - DataHandler - INFO - All reference lines loaded successfully.
2026-01-20 14:14:43 - DataHandler - INFO - All reference lines loaded successfully.
2026-01-20 14:37:42 - DataHandler - INFO - All reference lines loaded successfully.
2026-01-20 14:38:02 - DataHandler - INFO - All reference lines loaded successfully.
2026-01-20 17:06:50 - DataHandler - INFO - All reference lines loaded successfully.
2026-01-21 08:26:47 - DataHandler - INFO - All reference lines loaded successfully.
2026-01-21 14:01:43 - DataHandler - INFO - All reference lines loaded successfully.
2026-01-21 14:07:13 - DataHandler - INFO - All reference lines loaded successfully.
2026-01-21 14:09:48 - DataHandler - INFO - All reference lines loaded successfully.
2026-01-21 14:13:25 - DataHandler - INFO - Saved reference line: REFERENCE_LINE_K_D2.npy
2026-01-21 14:13:25 - DataHandler - INFO - All reference lines loaded successfully.
2026-01-21 14:13:40 - DataHandler - INFO - Saved reference line: REFERENCE_LINE_K_D2.npy
2026-01-21 14:13:40 - DataHandler - INFO - All reference lines loaded successfully.
2026-01-21 14:13:49 - DataHandler - INFO - Saved reference line: REFERENCE_LINE_K_D2.npy
2026-01-21 14:13:49 - DataHandler - INFO - All reference lines loaded successfully.
2026-01-21 14:14:12 - DataHandler - INFO - Saved reference line: REFERENCE_LINE_K_D2.npy
2026-01-21 14:14:12 - DataHandler - INFO - All reference lines loaded successfully.
2026-01-21 14:14:23 - DataHandler - INFO - Saved reference line: REFERENCE_LINE_K_D2.npy
2026-01-21 14:14:23 - DataHandler - INFO - All reference lines loaded successfully.
2026-01-21 14:14:40 - DataHandler - INFO - Saved reference line: REFERENCE_LINE_K_D2.npy
2026-01-21 14:14:40 - DataHandler - INFO - All reference lines loaded successfully.
2026-01-21 14:18:44 - DataHandler - INFO - All reference lines loaded successfully.
2026-01-21 14:20:43 - DataHandler - INFO - All reference lines loaded successfully.
2026-01-21 14:32:46 - DataHandler - INFO - All reference lines loaded successfully.
2026-01-21 14:34:19 - DataHandler - INFO - All reference lines loaded successfully.
2026-01-21 14:36:57 - DataHandler - INFO - Saved reference line: REFERENCE_LINE_K_D2.npy
2026-01-21 14:36:57 - DataHandler - INFO - All reference lines loaded successfully.
2026-01-21 14:37:14 - DataHandler - INFO - Saved reference line: REFERENCE_LINE_K_D2.npy
2026-01-21 14:37:14 - DataHandler - INFO - All reference lines loaded successfully.
2026-01-21 14:37:18 - DataHandler - INFO - Saved reference line: REFERENCE_LINE_K_D2.npy
2026-01-21 14:37:18 - DataHandler - INFO - All reference lines loaded successfully.
2026-01-21 14:37:25 - DataHandler - INFO - Saved reference line: REFERENCE_LINE_K_D2.npy
2026-01-21 14:37:25 - DataHandler - INFO - All reference lines loaded successfully.
2026-01-21 14:37:31 - DataHandler - INFO - Saved reference line: REFERENCE_LINE_K_D2.npy
2026-01-21 14:37:31 - DataHandler - INFO - All reference lines loaded successfully.
2026-01-21 14:37:36 - DataHandler - INFO - Saved reference line: REFERENCE_LINE_K_D2.npy
2026-01-21 14:37:36 - DataHandler - INFO - All reference lines loaded successfully.
2026-01-21 14:37:49 - DataHandler - INFO - Saved reference line: REFERENCE_LINE_K_D2.npy
2026-01-21 14:37:49 - DataHandler - INFO - All reference lines loaded successfully.
2026-01-21 14:37:55 - DataHandler - INFO - Saved reference line: REFERENCE_LINE_K_D2.npy
2026-01-21 14:37:55 - DataHandler - INFO - All reference lines loaded successfully.
2026-01-21 14:48:45 - DataHandler - INFO - All reference lines loaded successfully.
2026-01-21 14:50:33 - DataHandler - INFO - All reference lines loaded successfully.
2026-01-21 14:53:41 - DataHandler - INFO - Saved reference line: REFERENCE_LINE_K_D2.npy
2026-01-21 14:53:41 - DataHandler - INFO - All reference lines loaded successfully.
2026-01-21 14:54:38 - DataHandler - INFO - Saved reference line: REFERENCE_LINE_K_D2.npy
2026-01-21 14:54:38 - DataHandler - INFO - All reference lines loaded successfully.
2026-01-21 14:54:51 - DataHandler - INFO - Saved reference line: REFERENCE_LINE_K_D2.npy
2026-01-21 14:54:51 - DataHandler - INFO - All reference lines loaded successfully.
2026-01-22 13:00:53 - DataHandler - INFO - All reference lines loaded successfully.
2026-01-22 14:10:45 - DataHandler - INFO - All reference lines loaded successfully.
2026-01-22 14:13:24 - DataHandler - INFO - All reference lines loaded successfully.
2026-01-22 15:54:52 - DataHandler - INFO - Saved reference line: REFERENCE_LINE_K_D2.npy
2026-01-22 15:54:52 - DataHandler - INFO - All reference lines loaded successfully.
2026-01-23 08:23:59 - DataHandler - INFO - All reference lines loaded successfully.
2026-01-23 08:53:07 - DataHandler - INFO - Saved reference line: REFERENCE_LINE_K_D2.npy
2026-01-23 08:53:07 - DataHandler - INFO - All reference lines loaded successfully.
2026-01-23 08:53:38 - DataHandler - INFO - Saved reference line: REFERENCE_LINE_K_D2.npy
2026-01-23 08:53:38 - DataHandler - INFO - All reference lines loaded successfully.
2026-01-23 08:57:59 - DataHandler - INFO - All reference lines loaded successfully.
