2025-11-07 08:25:10,019 - linien_server.autolock.autolock - ERROR - Error while handling new spectrum
Traceback (most recent call last):
  File "/usr/local/lib/python3.10/dist-packages/linien_server/autolock/autolock.py", line 212, in react_to_new_spectrum
    return self.algorithm.handle_new_spectrum(combined_error_signal)
  File "/usr/local/lib/python3.10/dist-packages/linien_server/autolock/robust.py", line 106, in handle_new_spectrum
    description, final_wait_time, time_scale = calculate_autolock_instructions(
  File "/usr/local/lib/python3.10/dist-packages/linien_server/autolock/robust.py", line 185, in calculate_autolock_instructions
    round(np.mean([get_time_scale(spectrum, target_idxs) for spectrum in spectra]))
  File "/usr/local/lib/python3.10/dist-packages/linien_server/autolock/robust.py", line 185, in <listcomp>
    round(np.mean([get_time_scale(spectrum, target_idxs) for spectrum in spectra]))
  File "/usr/local/lib/python3.10/dist-packages/linien_server/autolock/utils.py", line 131, in get_time_scale
    return np.abs(np.argmin(part) - np.argmax(part))
  File "<__array_function__ internals>", line 5, in argmin
  File "/usr/lib/python3/dist-packages/numpy/core/fromnumeric.py", line 1276, in argmin
    return _wrapfunc(a, 'argmin', axis=axis, out=out)
  File "/usr/lib/python3/dist-packages/numpy/core/fromnumeric.py", line 57, in _wrapfunc
    return bound(*args, **kwds)
ValueError: attempt to get argmin of an empty sequence
2025-11-07 08:35:56,866 - linien_server.cli - INFO - Stopping Linien server
2025-11-07 08:35:56,978 - linien_server.cli - INFO - Stopped Linien server
2025-11-07 08:36:00,286 - linien_server.cli - DEBUG - Copied linien-server.service to /etc/systemd/system
2025-11-07 08:36:00,287 - linien_server.cli - INFO - Starting Linien server
2025-11-07 08:36:00,355 - linien_server.cli - INFO - Started Linien server
2025-11-07 08:36:17,119 - linien_server.parameters - INFO - Restoring parameters from /root/.local/share/linien/parameters.json
2025-11-07 08:36:17,123 - linien_server.parameters - INFO - Restored parameters from /root/.local/share/linien/parameters.json
2025-11-07 08:36:17,129 - linien_common.influxdb - INFO - Saved InfluxDB credentials to /root/.local/share/linien/influxdb_credentials.json
2025-11-07 08:36:17,380 - linien_server.acquisition - INFO - Using fpgautil to deploy gateware.
2025-11-07 08:36:17,549 - linien_server.server - DEBUG - Ping  1
2025-11-07 08:36:17,561 - linien_server.mdio_tool - INFO - Disabling ethernet blinking with mdio-tool at /usr/local/lib/python3.10/dist-packages/linien_server/mdio-tool
2025-11-07 08:36:17,588 - linien_server.server - INFO - Starting server.
2025-11-07 08:36:18,330 - linien_server.cli - DEBUG - Copied linien-server.service to /etc/systemd/system
2025-11-07 08:36:18,332 - linien_server.cli - INFO - Starting Linien server
2025-11-07 08:36:18,379 - linien_server.cli - INFO - Started Linien server
2025-11-07 08:36:18,558 - linien_server.server - DEBUG - Ping  2
2025-11-07 08:36:19,569 - linien_server.server - DEBUG - Ping  3
2025-11-07 08:36:19,594 - linien_server.server - DEBUG - Further pings will be suppressed
2025-11-07 08:36:41,677 - linien_server.autolock.autolock - DEBUG - Initialize Autolock
2025-11-07 08:36:41,712 - linien_server.autolock.autolock - DEBUG - Start the autolock
2025-11-07 08:36:41,734 - linien_server.autolock.autolock - DEBUG - (x0, x1) = (800,1000)
2025-11-07 08:36:41,760 - linien_server.autolock.autolock - DEBUG - Start autolock with mode 1
2025-11-07 08:36:41,839 - linien_server.autolock.autolock - DEBUG - entered in react_new_spectrum
2025-11-07 08:36:41,841 - linien_server.autolock.autolock - DEBUG - pause_acquisition: False
2025-11-07 08:36:41,843 - linien_server.autolock.autolock - DEBUG - check_plot_data: True
2025-11-07 08:36:41,942 - linien_server.autolock.robust - DEBUG - handle new spectrum
2025-11-07 08:36:41,973 - linien_server.autolock.robust - ERROR - Not enough spectra collected:2 of 5
2025-11-07 08:36:42,174 - linien_server.autolock.autolock - DEBUG - entered in react_new_spectrum
2025-11-07 08:36:42,177 - linien_server.autolock.autolock - DEBUG - pause_acquisition: False
2025-11-07 08:36:42,179 - linien_server.autolock.autolock - DEBUG - check_plot_data: True
2025-11-07 08:36:42,277 - linien_server.autolock.robust - DEBUG - handle new spectrum
2025-11-07 08:36:42,307 - linien_server.autolock.robust - ERROR - Not enough spectra collected:3 of 5
2025-11-07 08:36:42,560 - linien_server.autolock.autolock - DEBUG - entered in react_new_spectrum
2025-11-07 08:36:42,562 - linien_server.autolock.autolock - DEBUG - pause_acquisition: False
2025-11-07 08:36:42,565 - linien_server.autolock.autolock - DEBUG - check_plot_data: True
2025-11-07 08:36:42,663 - linien_server.autolock.robust - DEBUG - handle new spectrum
2025-11-07 08:36:42,691 - linien_server.autolock.robust - ERROR - Not enough spectra collected:4 of 5
2025-11-07 08:36:42,987 - linien_server.autolock.autolock - DEBUG - entered in react_new_spectrum
2025-11-07 08:36:42,991 - linien_server.autolock.autolock - DEBUG - pause_acquisition: False
2025-11-07 08:36:42,992 - linien_server.autolock.autolock - DEBUG - check_plot_data: True
2025-11-07 08:36:43,086 - linien_server.autolock.robust - DEBUG - handle new spectrum
2025-11-07 08:36:43,115 - linien_server.autolock.robust - DEBUG - enough spectra!, calculate
2025-11-07 08:36:43,120 - linien_server.autolock.robust - DEBUG - Saved new robust_spectra.npy and target_idxs.npy
2025-11-07 08:36:43,285 - linien_server.autolock.autolock - ERROR - Error while handling new spectrum
Traceback (most recent call last):
  File "/usr/local/lib/python3.10/dist-packages/linien_server/autolock/autolock.py", line 212, in react_to_new_spectrum
    return self.algorithm.handle_new_spectrum(combined_error_signal)
  File "/usr/local/lib/python3.10/dist-packages/linien_server/autolock/robust.py", line 106, in handle_new_spectrum
    description, final_wait_time, time_scale = calculate_autolock_instructions(
  File "/usr/local/lib/python3.10/dist-packages/linien_server/autolock/robust.py", line 185, in calculate_autolock_instructions
    round(np.mean([get_time_scale(spectrum, target_idxs) for spectrum in spectra]))
  File "/usr/local/lib/python3.10/dist-packages/linien_server/autolock/robust.py", line 185, in <listcomp>
    round(np.mean([get_time_scale(spectrum, target_idxs) for spectrum in spectra]))
  File "/usr/local/lib/python3.10/dist-packages/linien_server/autolock/utils.py", line 131, in get_time_scale
    return np.abs(np.argmin(part) - np.argmax(part))
  File "<__array_function__ internals>", line 5, in argmin
  File "/usr/lib/python3/dist-packages/numpy/core/fromnumeric.py", line 1276, in argmin
    return _wrapfunc(a, 'argmin', axis=axis, out=out)
  File "/usr/lib/python3/dist-packages/numpy/core/fromnumeric.py", line 57, in _wrapfunc
    return bound(*args, **kwds)
ValueError: attempt to get argmin of an empty sequence
2025-11-07 08:38:41,655 - linien_server.cli - INFO - Stopping Linien server
2025-11-07 08:38:41,762 - linien_server.cli - INFO - Stopped Linien server
2025-11-07 08:38:44,857 - linien_server.cli - DEBUG - Copied linien-server.service to /etc/systemd/system
2025-11-07 08:38:44,858 - linien_server.cli - INFO - Starting Linien server
2025-11-07 08:38:44,928 - linien_server.cli - INFO - Started Linien server
2025-11-07 08:39:01,096 - linien_server.parameters - INFO - Restoring parameters from /root/.local/share/linien/parameters.json
2025-11-07 08:39:01,102 - linien_server.parameters - INFO - Restored parameters from /root/.local/share/linien/parameters.json
2025-11-07 08:39:01,105 - linien_common.influxdb - INFO - Saved InfluxDB credentials to /root/.local/share/linien/influxdb_credentials.json
2025-11-07 08:39:01,296 - linien_server.acquisition - INFO - Using fpgautil to deploy gateware.
2025-11-07 08:39:01,426 - linien_server.server - DEBUG - Ping  1
2025-11-07 08:39:01,479 - linien_server.mdio_tool - INFO - Disabling ethernet blinking with mdio-tool at /usr/local/lib/python3.10/dist-packages/linien_server/mdio-tool
2025-11-07 08:39:01,523 - linien_server.server - INFO - Starting server.
2025-11-07 08:39:02,453 - linien_server.server - DEBUG - Ping  2
2025-11-07 08:39:03,467 - linien_server.server - DEBUG - Ping  3
2025-11-07 08:39:03,489 - linien_server.server - DEBUG - Further pings will be suppressed
2025-11-07 08:39:34,853 - linien_server.autolock.autolock - DEBUG - Initialize Autolock
2025-11-07 08:39:34,878 - linien_server.autolock.autolock - DEBUG - Start the autolock
2025-11-07 08:39:34,905 - linien_server.autolock.autolock - DEBUG - (x0, x1) = (800,1000)
2025-11-07 08:39:34,931 - linien_server.autolock.autolock - DEBUG - Start autolock with mode 1
2025-11-07 08:39:35,157 - linien_server.autolock.autolock - DEBUG - entered in react_new_spectrum
2025-11-07 08:39:35,159 - linien_server.autolock.autolock - DEBUG - pause_acquisition: False
2025-11-07 08:39:35,161 - linien_server.autolock.autolock - DEBUG - check_plot_data: True
2025-11-07 08:39:35,257 - linien_server.autolock.robust - DEBUG - handle new spectrum
2025-11-07 08:39:35,285 - linien_server.autolock.robust - ERROR - Not enough spectra collected:2 of 5
2025-11-07 08:39:35,541 - linien_server.autolock.autolock - DEBUG - entered in react_new_spectrum
2025-11-07 08:39:35,543 - linien_server.autolock.autolock - DEBUG - pause_acquisition: False
2025-11-07 08:39:35,545 - linien_server.autolock.autolock - DEBUG - check_plot_data: True
2025-11-07 08:39:35,639 - linien_server.autolock.robust - DEBUG - handle new spectrum
2025-11-07 08:39:35,667 - linien_server.autolock.robust - ERROR - Not enough spectra collected:3 of 5
2025-11-07 08:39:35,942 - linien_server.autolock.autolock - DEBUG - entered in react_new_spectrum
2025-11-07 08:39:35,946 - linien_server.autolock.autolock - DEBUG - pause_acquisition: False
2025-11-07 08:39:35,948 - linien_server.autolock.autolock - DEBUG - check_plot_data: True
2025-11-07 08:39:36,044 - linien_server.autolock.robust - DEBUG - handle new spectrum
2025-11-07 08:39:36,076 - linien_server.autolock.robust - ERROR - Not enough spectra collected:4 of 5
2025-11-07 08:39:36,340 - linien_server.autolock.autolock - DEBUG - entered in react_new_spectrum
2025-11-07 08:39:36,342 - linien_server.autolock.autolock - DEBUG - pause_acquisition: False
2025-11-07 08:39:36,345 - linien_server.autolock.autolock - DEBUG - check_plot_data: True
2025-11-07 08:39:36,440 - linien_server.autolock.robust - DEBUG - handle new spectrum
2025-11-07 08:39:36,468 - linien_server.autolock.robust - DEBUG - enough spectra!, calculate
2025-11-07 08:39:36,473 - linien_server.autolock.robust - DEBUG - Saved new robust_spectra.npy and target_idxs.npy
2025-11-07 08:39:36,638 - linien_server.autolock.autolock - ERROR - Error while handling new spectrum
Traceback (most recent call last):
  File "/usr/local/lib/python3.10/dist-packages/linien_server/autolock/autolock.py", line 212, in react_to_new_spectrum
    return self.algorithm.handle_new_spectrum(combined_error_signal)
  File "/usr/local/lib/python3.10/dist-packages/linien_server/autolock/robust.py", line 106, in handle_new_spectrum
    description, final_wait_time, time_scale = calculate_autolock_instructions(
  File "/usr/local/lib/python3.10/dist-packages/linien_server/autolock/robust.py", line 185, in calculate_autolock_instructions
    round(np.mean([get_time_scale(spectrum, target_idxs) for spectrum in spectra]))
  File "/usr/local/lib/python3.10/dist-packages/linien_server/autolock/robust.py", line 185, in <listcomp>
    round(np.mean([get_time_scale(spectrum, target_idxs) for spectrum in spectra]))
  File "/usr/local/lib/python3.10/dist-packages/linien_server/autolock/utils.py", line 131, in get_time_scale
    return np.abs(np.argmin(part) - np.argmax(part))
  File "<__array_function__ internals>", line 5, in argmin
  File "/usr/lib/python3/dist-packages/numpy/core/fromnumeric.py", line 1276, in argmin
    return _wrapfunc(a, 'argmin', axis=axis, out=out)
  File "/usr/lib/python3/dist-packages/numpy/core/fromnumeric.py", line 57, in _wrapfunc
    return bound(*args, **kwds)
ValueError: attempt to get argmin of an empty sequence
2025-11-07 08:44:27,892 - linien_server.autolock.autolock - DEBUG - Initialize Autolock
2025-11-07 08:44:27,919 - linien_server.autolock.autolock - DEBUG - Start the autolock
2025-11-07 08:44:27,937 - linien_server.autolock.autolock - DEBUG - (x0, x1) = (1450,1600)
2025-11-07 08:44:28,001 - linien_server.autolock.autolock - DEBUG - Start autolock with mode 1
2025-11-07 08:44:28,450 - linien_server.autolock.autolock - DEBUG - entered in react_new_spectrum
2025-11-07 08:44:28,452 - linien_server.autolock.autolock - DEBUG - pause_acquisition: False
2025-11-07 08:44:28,454 - linien_server.autolock.autolock - DEBUG - check_plot_data: True
2025-11-07 08:44:28,554 - linien_server.autolock.robust - DEBUG - handle new spectrum
2025-11-07 08:44:28,582 - linien_server.autolock.robust - ERROR - Not enough spectra collected:2 of 5
2025-11-07 08:44:28,789 - linien_server.autolock.autolock - DEBUG - entered in react_new_spectrum
2025-11-07 08:44:28,791 - linien_server.autolock.autolock - DEBUG - pause_acquisition: False
2025-11-07 08:44:28,794 - linien_server.autolock.autolock - DEBUG - check_plot_data: True
2025-11-07 08:44:28,894 - linien_server.autolock.robust - DEBUG - handle new spectrum
2025-11-07 08:44:28,922 - linien_server.autolock.robust - ERROR - Not enough spectra collected:3 of 5
2025-11-07 08:44:29,180 - linien_server.autolock.autolock - DEBUG - entered in react_new_spectrum
2025-11-07 08:44:29,182 - linien_server.autolock.autolock - DEBUG - pause_acquisition: False
2025-11-07 08:44:29,184 - linien_server.autolock.autolock - DEBUG - check_plot_data: True
2025-11-07 08:44:29,283 - linien_server.autolock.robust - DEBUG - handle new spectrum
2025-11-07 08:44:29,312 - linien_server.autolock.robust - ERROR - Not enough spectra collected:4 of 5
2025-11-07 08:44:29,571 - linien_server.autolock.autolock - DEBUG - entered in react_new_spectrum
2025-11-07 08:44:29,574 - linien_server.autolock.autolock - DEBUG - pause_acquisition: False
2025-11-07 08:44:29,576 - linien_server.autolock.autolock - DEBUG - check_plot_data: True
2025-11-07 08:44:29,675 - linien_server.autolock.robust - DEBUG - handle new spectrum
2025-11-07 08:44:29,704 - linien_server.autolock.robust - DEBUG - enough spectra!, calculate
2025-11-07 08:44:29,709 - linien_server.autolock.robust - DEBUG - Saved new robust_spectra.npy and target_idxs.npy
2025-11-07 08:44:29,874 - linien_server.autolock.autolock - ERROR - Error while handling new spectrum
Traceback (most recent call last):
  File "/usr/local/lib/python3.10/dist-packages/linien_server/autolock/autolock.py", line 212, in react_to_new_spectrum
    return self.algorithm.handle_new_spectrum(combined_error_signal)
  File "/usr/local/lib/python3.10/dist-packages/linien_server/autolock/robust.py", line 106, in handle_new_spectrum
    description, final_wait_time, time_scale = calculate_autolock_instructions(
  File "/usr/local/lib/python3.10/dist-packages/linien_server/autolock/robust.py", line 185, in calculate_autolock_instructions
    round(np.mean([get_time_scale(spectrum, target_idxs) for spectrum in spectra]))
  File "/usr/local/lib/python3.10/dist-packages/linien_server/autolock/robust.py", line 185, in <listcomp>
    round(np.mean([get_time_scale(spectrum, target_idxs) for spectrum in spectra]))
  File "/usr/local/lib/python3.10/dist-packages/linien_server/autolock/utils.py", line 131, in get_time_scale
    return np.abs(np.argmin(part) - np.argmax(part))
  File "<__array_function__ internals>", line 5, in argmin
  File "/usr/lib/python3/dist-packages/numpy/core/fromnumeric.py", line 1276, in argmin
    return _wrapfunc(a, 'argmin', axis=axis, out=out)
  File "/usr/lib/python3/dist-packages/numpy/core/fromnumeric.py", line 57, in _wrapfunc
    return bound(*args, **kwds)
ValueError: attempt to get argmin of an empty sequence
2025-11-07 09:25:37,793 - linien_server.autolock.autolock - DEBUG - Initialize Autolock
2025-11-07 09:25:37,814 - linien_server.autolock.autolock - DEBUG - Start the autolock
2025-11-07 09:25:37,848 - linien_server.autolock.autolock - DEBUG - (x0, x1) = (1350,1500)
2025-11-07 09:25:37,861 - linien_server.autolock.autolock - DEBUG - Start autolock with mode 1
2025-11-07 09:25:38,251 - linien_server.autolock.autolock - DEBUG - entered in react_new_spectrum
2025-11-07 09:25:38,253 - linien_server.autolock.autolock - DEBUG - pause_acquisition: False
2025-11-07 09:25:38,255 - linien_server.autolock.autolock - DEBUG - check_plot_data: True
2025-11-07 09:25:38,351 - linien_server.autolock.robust - DEBUG - handle new spectrum
2025-11-07 09:25:38,379 - linien_server.autolock.robust - ERROR - Not enough spectra collected:2 of 5
2025-11-07 09:25:38,643 - linien_server.autolock.autolock - DEBUG - entered in react_new_spectrum
2025-11-07 09:25:38,645 - linien_server.autolock.autolock - DEBUG - pause_acquisition: False
2025-11-07 09:25:38,647 - linien_server.autolock.autolock - DEBUG - check_plot_data: True
2025-11-07 09:25:38,742 - linien_server.autolock.robust - DEBUG - handle new spectrum
2025-11-07 09:25:38,770 - linien_server.autolock.robust - ERROR - Not enough spectra collected:3 of 5
2025-11-07 09:25:39,036 - linien_server.autolock.autolock - DEBUG - entered in react_new_spectrum
2025-11-07 09:25:39,038 - linien_server.autolock.autolock - DEBUG - pause_acquisition: False
2025-11-07 09:25:39,040 - linien_server.autolock.autolock - DEBUG - check_plot_data: True
2025-11-07 09:25:39,136 - linien_server.autolock.robust - DEBUG - handle new spectrum
2025-11-07 09:25:39,164 - linien_server.autolock.robust - ERROR - Not enough spectra collected:4 of 5
2025-11-07 09:25:39,431 - linien_server.autolock.autolock - DEBUG - entered in react_new_spectrum
2025-11-07 09:25:39,433 - linien_server.autolock.autolock - DEBUG - pause_acquisition: False
2025-11-07 09:25:39,435 - linien_server.autolock.autolock - DEBUG - check_plot_data: True
2025-11-07 09:25:39,531 - linien_server.autolock.robust - DEBUG - handle new spectrum
2025-11-07 09:25:39,559 - linien_server.autolock.robust - DEBUG - enough spectra!, calculate
2025-11-07 09:25:39,564 - linien_server.autolock.robust - DEBUG - Saved new robust_spectra.npy and target_idxs.npy
2025-11-07 09:25:39,729 - linien_server.autolock.autolock - ERROR - Error while handling new spectrum
Traceback (most recent call last):
  File "/usr/local/lib/python3.10/dist-packages/linien_server/autolock/autolock.py", line 212, in react_to_new_spectrum
    return self.algorithm.handle_new_spectrum(combined_error_signal)
  File "/usr/local/lib/python3.10/dist-packages/linien_server/autolock/robust.py", line 106, in handle_new_spectrum
    description, final_wait_time, time_scale = calculate_autolock_instructions(
  File "/usr/local/lib/python3.10/dist-packages/linien_server/autolock/robust.py", line 185, in calculate_autolock_instructions
    round(np.mean([get_time_scale(spectrum, target_idxs) for spectrum in spectra]))
  File "/usr/local/lib/python3.10/dist-packages/linien_server/autolock/robust.py", line 185, in <listcomp>
    round(np.mean([get_time_scale(spectrum, target_idxs) for spectrum in spectra]))
  File "/usr/local/lib/python3.10/dist-packages/linien_server/autolock/utils.py", line 131, in get_time_scale
    return np.abs(np.argmin(part) - np.argmax(part))
  File "<__array_function__ internals>", line 5, in argmin
  File "/usr/lib/python3/dist-packages/numpy/core/fromnumeric.py", line 1276, in argmin
    return _wrapfunc(a, 'argmin', axis=axis, out=out)
  File "/usr/lib/python3/dist-packages/numpy/core/fromnumeric.py", line 57, in _wrapfunc
    return bound(*args, **kwds)
ValueError: attempt to get argmin of an empty sequence
2025-11-07 09:33:23,578 - linien_server.autolock.autolock - DEBUG - Initialize Autolock
2025-11-07 09:33:23,579 - linien_server.autolock.autolock - DEBUG - Start the autolock
2025-11-07 09:33:23,581 - linien_server.autolock.autolock - DEBUG - (x0, x1) = (850,1000)
2025-11-07 09:33:23,601 - linien_server.autolock.autolock - DEBUG - Start autolock with mode 1
2025-11-07 09:33:23,677 - linien_server.autolock.autolock - DEBUG - entered in react_new_spectrum
2025-11-07 09:33:23,681 - linien_server.autolock.autolock - DEBUG - pause_acquisition: False
2025-11-07 09:33:23,685 - linien_server.autolock.autolock - DEBUG - check_plot_data: True
2025-11-07 09:33:23,781 - linien_server.autolock.robust - DEBUG - handle new spectrum
2025-11-07 09:33:23,809 - linien_server.autolock.robust - ERROR - Not enough spectra collected:2 of 5
2025-11-07 09:33:24,071 - linien_server.autolock.autolock - DEBUG - entered in react_new_spectrum
2025-11-07 09:33:24,074 - linien_server.autolock.autolock - DEBUG - pause_acquisition: False
2025-11-07 09:33:24,076 - linien_server.autolock.autolock - DEBUG - check_plot_data: True
2025-11-07 09:33:24,170 - linien_server.autolock.robust - DEBUG - handle new spectrum
2025-11-07 09:33:24,198 - linien_server.autolock.robust - ERROR - Not enough spectra collected:3 of 5
2025-11-07 09:33:24,468 - linien_server.autolock.autolock - DEBUG - entered in react_new_spectrum
2025-11-07 09:33:24,471 - linien_server.autolock.autolock - DEBUG - pause_acquisition: False
2025-11-07 09:33:24,473 - linien_server.autolock.autolock - DEBUG - check_plot_data: True
2025-11-07 09:33:24,568 - linien_server.autolock.robust - DEBUG - handle new spectrum
2025-11-07 09:33:24,596 - linien_server.autolock.robust - ERROR - Not enough spectra collected:4 of 5
2025-11-07 09:33:24,910 - linien_server.autolock.autolock - DEBUG - entered in react_new_spectrum
2025-11-07 09:33:24,912 - linien_server.autolock.autolock - DEBUG - pause_acquisition: False
2025-11-07 09:33:24,915 - linien_server.autolock.autolock - DEBUG - check_plot_data: True
2025-11-07 09:33:25,014 - linien_server.autolock.robust - DEBUG - handle new spectrum
2025-11-07 09:33:25,043 - linien_server.autolock.robust - DEBUG - enough spectra!, calculate
2025-11-07 09:33:25,048 - linien_server.autolock.robust - DEBUG - Saved new robust_spectra.npy and target_idxs.npy
2025-11-07 09:33:25,213 - linien_server.autolock.autolock - ERROR - Error while handling new spectrum
Traceback (most recent call last):
  File "/usr/local/lib/python3.10/dist-packages/linien_server/autolock/autolock.py", line 212, in react_to_new_spectrum
    return self.algorithm.handle_new_spectrum(combined_error_signal)
  File "/usr/local/lib/python3.10/dist-packages/linien_server/autolock/robust.py", line 106, in handle_new_spectrum
    description, final_wait_time, time_scale = calculate_autolock_instructions(
  File "/usr/local/lib/python3.10/dist-packages/linien_server/autolock/robust.py", line 185, in calculate_autolock_instructions
    round(np.mean([get_time_scale(spectrum, target_idxs) for spectrum in spectra]))
  File "/usr/local/lib/python3.10/dist-packages/linien_server/autolock/robust.py", line 185, in <listcomp>
    round(np.mean([get_time_scale(spectrum, target_idxs) for spectrum in spectra]))
  File "/usr/local/lib/python3.10/dist-packages/linien_server/autolock/utils.py", line 131, in get_time_scale
    return np.abs(np.argmin(part) - np.argmax(part))
  File "<__array_function__ internals>", line 5, in argmin
  File "/usr/lib/python3/dist-packages/numpy/core/fromnumeric.py", line 1276, in argmin
    return _wrapfunc(a, 'argmin', axis=axis, out=out)
  File "/usr/lib/python3/dist-packages/numpy/core/fromnumeric.py", line 57, in _wrapfunc
    return bound(*args, **kwds)
ValueError: attempt to get argmin of an empty sequence
2025-11-07 09:55:07,204 - linien_server.autolock.autolock - DEBUG - Initialize Autolock
2025-11-07 09:55:07,229 - linien_server.autolock.autolock - DEBUG - Start the autolock
2025-11-07 09:55:07,246 - linien_server.autolock.autolock - DEBUG - (x0, x1) = (850,950)
2025-11-07 09:55:07,268 - linien_server.autolock.autolock - DEBUG - Start autolock with mode 1
2025-11-07 09:55:07,321 - linien_server.autolock.autolock - DEBUG - entered in react_new_spectrum
2025-11-07 09:55:07,324 - linien_server.autolock.autolock - DEBUG - pause_acquisition: False
2025-11-07 09:55:07,326 - linien_server.autolock.autolock - DEBUG - check_plot_data: True
2025-11-07 09:55:07,426 - linien_server.autolock.robust - DEBUG - handle new spectrum
2025-11-07 09:55:07,454 - linien_server.autolock.robust - ERROR - Not enough spectra collected:2 of 5
2025-11-07 09:55:07,712 - linien_server.autolock.autolock - DEBUG - entered in react_new_spectrum
2025-11-07 09:55:07,714 - linien_server.autolock.autolock - DEBUG - pause_acquisition: False
2025-11-07 09:55:07,717 - linien_server.autolock.autolock - DEBUG - check_plot_data: True
2025-11-07 09:55:07,811 - linien_server.autolock.robust - DEBUG - handle new spectrum
2025-11-07 09:55:07,839 - linien_server.autolock.robust - ERROR - Not enough spectra collected:3 of 5
2025-11-07 09:55:08,103 - linien_server.autolock.autolock - DEBUG - entered in react_new_spectrum
2025-11-07 09:55:08,106 - linien_server.autolock.autolock - DEBUG - pause_acquisition: False
2025-11-07 09:55:08,108 - linien_server.autolock.autolock - DEBUG - check_plot_data: True
2025-11-07 09:55:08,207 - linien_server.autolock.robust - DEBUG - handle new spectrum
2025-11-07 09:55:08,236 - linien_server.autolock.robust - ERROR - Not enough spectra collected:4 of 5
2025-11-07 09:55:08,488 - linien_server.autolock.autolock - DEBUG - entered in react_new_spectrum
2025-11-07 09:55:08,490 - linien_server.autolock.autolock - DEBUG - pause_acquisition: False
2025-11-07 09:55:08,491 - linien_server.autolock.autolock - DEBUG - check_plot_data: True
2025-11-07 09:55:08,587 - linien_server.autolock.robust - DEBUG - handle new spectrum
2025-11-07 09:55:08,615 - linien_server.autolock.robust - DEBUG - enough spectra!, calculate
2025-11-07 09:55:08,620 - linien_server.autolock.robust - DEBUG - Saved new robust_spectra.npy and target_idxs.npy
2025-11-07 09:55:08,785 - linien_server.autolock.autolock - ERROR - Error while handling new spectrum
Traceback (most recent call last):
  File "/usr/local/lib/python3.10/dist-packages/linien_server/autolock/autolock.py", line 212, in react_to_new_spectrum
    return self.algorithm.handle_new_spectrum(combined_error_signal)
  File "/usr/local/lib/python3.10/dist-packages/linien_server/autolock/robust.py", line 106, in handle_new_spectrum
    description, final_wait_time, time_scale = calculate_autolock_instructions(
  File "/usr/local/lib/python3.10/dist-packages/linien_server/autolock/robust.py", line 185, in calculate_autolock_instructions
    round(np.mean([get_time_scale(spectrum, target_idxs) for spectrum in spectra]))
  File "/usr/local/lib/python3.10/dist-packages/linien_server/autolock/robust.py", line 185, in <listcomp>
    round(np.mean([get_time_scale(spectrum, target_idxs) for spectrum in spectra]))
  File "/usr/local/lib/python3.10/dist-packages/linien_server/autolock/utils.py", line 131, in get_time_scale
    return np.abs(np.argmin(part) - np.argmax(part))
  File "<__array_function__ internals>", line 5, in argmin
  File "/usr/lib/python3/dist-packages/numpy/core/fromnumeric.py", line 1276, in argmin
    return _wrapfunc(a, 'argmin', axis=axis, out=out)
  File "/usr/lib/python3/dist-packages/numpy/core/fromnumeric.py", line 57, in _wrapfunc
    return bound(*args, **kwds)
ValueError: attempt to get argmin of an empty sequence
2025-11-07 09:57:49,332 - linien_server.autolock.autolock - DEBUG - Initialize Autolock
2025-11-07 09:57:49,357 - linien_server.autolock.autolock - DEBUG - Start the autolock
2025-11-07 09:57:49,379 - linien_server.autolock.autolock - DEBUG - (x0, x1) = (1400,1550)
2025-11-07 09:57:49,425 - linien_server.autolock.autolock - DEBUG - Start autolock with mode 1
2025-11-07 09:57:49,500 - linien_server.autolock.autolock - DEBUG - entered in react_new_spectrum
2025-11-07 09:57:49,504 - linien_server.autolock.autolock - DEBUG - pause_acquisition: False
2025-11-07 09:57:49,507 - linien_server.autolock.autolock - DEBUG - check_plot_data: True
2025-11-07 09:57:49,609 - linien_server.autolock.robust - DEBUG - handle new spectrum
2025-11-07 09:57:49,638 - linien_server.autolock.robust - ERROR - Not enough spectra collected:2 of 5
2025-11-07 09:57:49,891 - linien_server.autolock.autolock - DEBUG - entered in react_new_spectrum
2025-11-07 09:57:49,894 - linien_server.autolock.autolock - DEBUG - pause_acquisition: False
2025-11-07 09:57:49,895 - linien_server.autolock.autolock - DEBUG - check_plot_data: True
2025-11-07 09:57:49,994 - linien_server.autolock.robust - DEBUG - handle new spectrum
2025-11-07 09:57:50,023 - linien_server.autolock.robust - ERROR - Not enough spectra collected:3 of 5
2025-11-07 09:57:50,280 - linien_server.autolock.autolock - DEBUG - entered in react_new_spectrum
2025-11-07 09:57:50,283 - linien_server.autolock.autolock - DEBUG - pause_acquisition: False
2025-11-07 09:57:50,285 - linien_server.autolock.autolock - DEBUG - check_plot_data: True
2025-11-07 09:57:50,384 - linien_server.autolock.robust - DEBUG - handle new spectrum
2025-11-07 09:57:50,412 - linien_server.autolock.robust - ERROR - Not enough spectra collected:4 of 5
2025-11-07 09:57:50,676 - linien_server.autolock.autolock - DEBUG - entered in react_new_spectrum
2025-11-07 09:57:50,678 - linien_server.autolock.autolock - DEBUG - pause_acquisition: False
2025-11-07 09:57:50,681 - linien_server.autolock.autolock - DEBUG - check_plot_data: True
2025-11-07 09:57:50,776 - linien_server.autolock.robust - DEBUG - handle new spectrum
2025-11-07 09:57:50,804 - linien_server.autolock.robust - DEBUG - enough spectra!, calculate
2025-11-07 09:57:50,809 - linien_server.autolock.robust - DEBUG - Saved new robust_spectra.npy and target_idxs.npy
2025-11-07 09:57:50,974 - linien_server.autolock.autolock - ERROR - Error while handling new spectrum
Traceback (most recent call last):
  File "/usr/local/lib/python3.10/dist-packages/linien_server/autolock/autolock.py", line 212, in react_to_new_spectrum
    return self.algorithm.handle_new_spectrum(combined_error_signal)
  File "/usr/local/lib/python3.10/dist-packages/linien_server/autolock/robust.py", line 106, in handle_new_spectrum
    description, final_wait_time, time_scale = calculate_autolock_instructions(
  File "/usr/local/lib/python3.10/dist-packages/linien_server/autolock/robust.py", line 185, in calculate_autolock_instructions
    round(np.mean([get_time_scale(spectrum, target_idxs) for spectrum in spectra]))
  File "/usr/local/lib/python3.10/dist-packages/linien_server/autolock/robust.py", line 185, in <listcomp>
    round(np.mean([get_time_scale(spectrum, target_idxs) for spectrum in spectra]))
  File "/usr/local/lib/python3.10/dist-packages/linien_server/autolock/utils.py", line 131, in get_time_scale
    return np.abs(np.argmin(part) - np.argmax(part))
  File "<__array_function__ internals>", line 5, in argmin
  File "/usr/lib/python3/dist-packages/numpy/core/fromnumeric.py", line 1276, in argmin
    return _wrapfunc(a, 'argmin', axis=axis, out=out)
  File "/usr/lib/python3/dist-packages/numpy/core/fromnumeric.py", line 57, in _wrapfunc
    return bound(*args, **kwds)
ValueError: attempt to get argmin of an empty sequence
2025-11-07 10:32:21,954 - linien_server.autolock.autolock - DEBUG - Initialize Autolock
2025-11-07 10:32:21,979 - linien_server.autolock.autolock - DEBUG - Start the autolock
2025-11-07 10:32:22,006 - linien_server.autolock.autolock - DEBUG - (x0, x1) = (800,950)
2025-11-07 10:32:22,042 - linien_server.autolock.autolock - DEBUG - Start autolock with mode 1
2025-11-07 10:32:22,249 - linien_server.autolock.autolock - DEBUG - entered in react_new_spectrum
2025-11-07 10:32:22,251 - linien_server.autolock.autolock - DEBUG - pause_acquisition: False
2025-11-07 10:32:22,252 - linien_server.autolock.autolock - DEBUG - check_plot_data: True
2025-11-07 10:32:22,349 - linien_server.autolock.robust - DEBUG - handle new spectrum
2025-11-07 10:32:22,377 - linien_server.autolock.robust - ERROR - Not enough spectra collected:2 of 5
2025-11-07 10:32:22,582 - linien_server.autolock.autolock - DEBUG - entered in react_new_spectrum
2025-11-07 10:32:22,584 - linien_server.autolock.autolock - DEBUG - pause_acquisition: False
2025-11-07 10:32:22,587 - linien_server.autolock.autolock - DEBUG - check_plot_data: True
2025-11-07 10:32:22,681 - linien_server.autolock.robust - DEBUG - handle new spectrum
2025-11-07 10:32:22,709 - linien_server.autolock.robust - ERROR - Not enough spectra collected:3 of 5
2025-11-07 10:32:22,978 - linien_server.autolock.autolock - DEBUG - entered in react_new_spectrum
2025-11-07 10:32:22,982 - linien_server.autolock.autolock - DEBUG - pause_acquisition: False
2025-11-07 10:32:22,985 - linien_server.autolock.autolock - DEBUG - check_plot_data: True
2025-11-07 10:32:23,081 - linien_server.autolock.robust - DEBUG - handle new spectrum
2025-11-07 10:32:23,108 - linien_server.autolock.robust - ERROR - Not enough spectra collected:4 of 5
2025-11-07 10:32:23,376 - linien_server.autolock.autolock - DEBUG - entered in react_new_spectrum
2025-11-07 10:32:23,379 - linien_server.autolock.autolock - DEBUG - pause_acquisition: False
2025-11-07 10:32:23,381 - linien_server.autolock.autolock - DEBUG - check_plot_data: True
2025-11-07 10:32:23,476 - linien_server.autolock.robust - DEBUG - handle new spectrum
2025-11-07 10:32:23,504 - linien_server.autolock.robust - DEBUG - enough spectra!, calculate
2025-11-07 10:32:23,509 - linien_server.autolock.robust - DEBUG - Saved new robust_spectra.npy and target_idxs.npy
2025-11-07 10:32:23,675 - linien_server.autolock.autolock - ERROR - Error while handling new spectrum
Traceback (most recent call last):
  File "/usr/local/lib/python3.10/dist-packages/linien_server/autolock/autolock.py", line 212, in react_to_new_spectrum
    return self.algorithm.handle_new_spectrum(combined_error_signal)
  File "/usr/local/lib/python3.10/dist-packages/linien_server/autolock/robust.py", line 106, in handle_new_spectrum
    description, final_wait_time, time_scale = calculate_autolock_instructions(
  File "/usr/local/lib/python3.10/dist-packages/linien_server/autolock/robust.py", line 185, in calculate_autolock_instructions
    round(np.mean([get_time_scale(spectrum, target_idxs) for spectrum in spectra]))
  File "/usr/local/lib/python3.10/dist-packages/linien_server/autolock/robust.py", line 185, in <listcomp>
    round(np.mean([get_time_scale(spectrum, target_idxs) for spectrum in spectra]))
  File "/usr/local/lib/python3.10/dist-packages/linien_server/autolock/utils.py", line 131, in get_time_scale
    return np.abs(np.argmin(part) - np.argmax(part))
  File "<__array_function__ internals>", line 5, in argmin
  File "/usr/lib/python3/dist-packages/numpy/core/fromnumeric.py", line 1276, in argmin
    return _wrapfunc(a, 'argmin', axis=axis, out=out)
  File "/usr/lib/python3/dist-packages/numpy/core/fromnumeric.py", line 57, in _wrapfunc
    return bound(*args, **kwds)
ValueError: attempt to get argmin of an empty sequence
2025-11-07 10:54:49,619 - linien_server.autolock.autolock - DEBUG - Initialize Autolock
2025-11-07 10:54:49,624 - linien_server.autolock.autolock - DEBUG - Start the autolock
2025-11-07 10:54:49,625 - linien_server.autolock.autolock - DEBUG - (x0, x1) = (1450,1550)
2025-11-07 10:54:49,629 - linien_server.autolock.autolock - DEBUG - Start autolock with mode 1
2025-11-07 10:54:49,805 - linien_server.autolock.autolock - DEBUG - entered in react_new_spectrum
2025-11-07 10:54:49,808 - linien_server.autolock.autolock - DEBUG - pause_acquisition: False
2025-11-07 10:54:49,810 - linien_server.autolock.autolock - DEBUG - check_plot_data: True
2025-11-07 10:54:49,908 - linien_server.autolock.robust - DEBUG - handle new spectrum
2025-11-07 10:54:49,937 - linien_server.autolock.robust - ERROR - Not enough spectra collected:2 of 5
2025-11-07 10:54:49,993 - linien_server.autolock.autolock - DEBUG - entered in react_new_spectrum
2025-11-07 10:54:49,994 - linien_server.autolock.autolock - DEBUG - pause_acquisition: False
2025-11-07 10:54:49,995 - linien_server.autolock.autolock - DEBUG - check_plot_data: True
2025-11-07 10:54:50,096 - linien_server.autolock.robust - DEBUG - handle new spectrum
2025-11-07 10:54:50,124 - linien_server.autolock.robust - ERROR - Not enough spectra collected:3 of 5
2025-11-07 10:54:50,180 - linien_server.autolock.autolock - DEBUG - entered in react_new_spectrum
2025-11-07 10:54:50,181 - linien_server.autolock.autolock - DEBUG - pause_acquisition: False
2025-11-07 10:54:50,183 - linien_server.autolock.autolock - DEBUG - check_plot_data: True
2025-11-07 10:54:50,284 - linien_server.autolock.robust - DEBUG - handle new spectrum
2025-11-07 10:54:50,313 - linien_server.autolock.robust - ERROR - Not enough spectra collected:4 of 5
2025-11-07 10:54:50,368 - linien_server.autolock.autolock - DEBUG - entered in react_new_spectrum
2025-11-07 10:54:50,370 - linien_server.autolock.autolock - DEBUG - pause_acquisition: False
2025-11-07 10:54:50,371 - linien_server.autolock.autolock - DEBUG - check_plot_data: True
2025-11-07 10:54:50,472 - linien_server.autolock.robust - DEBUG - handle new spectrum
2025-11-07 10:54:50,501 - linien_server.autolock.robust - DEBUG - enough spectra!, calculate
2025-11-07 10:54:50,507 - linien_server.autolock.robust - DEBUG - Saved new robust_spectra.npy and target_idxs.npy
2025-11-07 10:54:50,676 - linien_server.autolock.robust - DEBUG - x scale is 42
2025-11-07 10:54:50,857 - linien_server.autolock.robust - DEBUG - Try out tolerance 0.95
2025-11-07 10:54:50,860 - linien_server.autolock.robust - DEBUG - final wait time is 1 samples
2025-11-07 10:54:51,027 - linien_server.autolock.robust - DEBUG - Try out tolerance 0.9
2025-11-07 10:54:51,032 - linien_server.autolock.robust - DEBUG - final wait time is 21 samples
2025-11-07 10:54:51,198 - linien_server.autolock.robust - DEBUG - Try out tolerance 0.85
2025-11-07 10:54:51,203 - linien_server.autolock.robust - DEBUG - final wait time is 24 samples
2025-11-07 10:54:51,360 - linien_server.autolock.robust - DEBUG - Try out tolerance 0.8
2025-11-07 10:54:51,366 - linien_server.autolock.robust - DEBUG - final wait time is 27 samples
2025-11-07 10:54:51,514 - linien_server.autolock.robust - DEBUG - Description is [(914, -786), (379, 510)]
2025-11-07 10:54:51,515 - linien_server.autolock.robust - DEBUG - Calculation of autolock description took 1.012136459350586
2025-11-07 10:54:51,576 - linien_server.server - ERROR - incorrect data received for lock state, ignoring!
2025-11-07 10:54:51,679 - linien_server.autolock.autolock - DEBUG - entered in react_new_spectrum
2025-11-07 10:54:51,685 - linien_server.autolock.autolock - DEBUG - pause_acquisition: False
2025-11-07 10:54:51,687 - linien_server.autolock.autolock - DEBUG - check_plot_data: True
2025-11-07 10:54:51,690 - linien_server.autolock.autolock - DEBUG - after lock
2025-11-07 12:22:06,524 - linien_server.autolock.autolock - DEBUG - Initialize Autolock
2025-11-07 12:22:06,529 - linien_server.autolock.autolock - DEBUG - Start the autolock
2025-11-07 12:22:06,531 - linien_server.autolock.autolock - DEBUG - (x0, x1) = (1000,1200)
2025-11-07 12:22:06,535 - linien_server.autolock.autolock - DEBUG - Start autolock with mode 1
2025-11-07 12:22:06,742 - linien_server.autolock.autolock - DEBUG - entered in react_new_spectrum
2025-11-07 12:22:06,745 - linien_server.autolock.autolock - DEBUG - pause_acquisition: False
2025-11-07 12:22:06,747 - linien_server.autolock.autolock - DEBUG - check_plot_data: True
2025-11-07 12:22:06,843 - linien_server.autolock.robust - DEBUG - handle new spectrum
2025-11-07 12:22:06,871 - linien_server.autolock.robust - ERROR - Not enough spectra collected:2 of 5
2025-11-07 12:22:06,926 - linien_server.autolock.autolock - DEBUG - entered in react_new_spectrum
2025-11-07 12:22:06,928 - linien_server.autolock.autolock - DEBUG - pause_acquisition: False
2025-11-07 12:22:06,929 - linien_server.autolock.autolock - DEBUG - check_plot_data: True
2025-11-07 12:22:07,025 - linien_server.autolock.robust - DEBUG - handle new spectrum
2025-11-07 12:22:07,053 - linien_server.autolock.robust - ERROR - Not enough spectra collected:3 of 5
2025-11-07 12:22:07,108 - linien_server.autolock.autolock - DEBUG - entered in react_new_spectrum
2025-11-07 12:22:07,110 - linien_server.autolock.autolock - DEBUG - pause_acquisition: False
2025-11-07 12:22:07,111 - linien_server.autolock.autolock - DEBUG - check_plot_data: True
2025-11-07 12:22:07,206 - linien_server.autolock.robust - DEBUG - handle new spectrum
2025-11-07 12:22:07,234 - linien_server.autolock.robust - ERROR - Not enough spectra collected:4 of 5
2025-11-07 12:22:07,290 - linien_server.autolock.autolock - DEBUG - entered in react_new_spectrum
2025-11-07 12:22:07,291 - linien_server.autolock.autolock - DEBUG - pause_acquisition: False
2025-11-07 12:22:07,292 - linien_server.autolock.autolock - DEBUG - check_plot_data: True
2025-11-07 12:22:07,388 - linien_server.autolock.robust - DEBUG - handle new spectrum
2025-11-07 12:22:07,416 - linien_server.autolock.robust - DEBUG - enough spectra!, calculate
2025-11-07 12:22:07,421 - linien_server.autolock.robust - DEBUG - Saved new robust_spectra.npy and target_idxs.npy
2025-11-07 12:22:07,586 - linien_server.autolock.autolock - ERROR - Error while handling new spectrum
Traceback (most recent call last):
  File "/usr/local/lib/python3.10/dist-packages/linien_server/autolock/autolock.py", line 212, in react_to_new_spectrum
    return self.algorithm.handle_new_spectrum(combined_error_signal)
  File "/usr/local/lib/python3.10/dist-packages/linien_server/autolock/robust.py", line 106, in handle_new_spectrum
    description, final_wait_time, time_scale = calculate_autolock_instructions(
  File "/usr/local/lib/python3.10/dist-packages/linien_server/autolock/robust.py", line 185, in calculate_autolock_instructions
    round(np.mean([get_time_scale(spectrum, target_idxs) for spectrum in spectra]))
  File "/usr/local/lib/python3.10/dist-packages/linien_server/autolock/robust.py", line 185, in <listcomp>
    round(np.mean([get_time_scale(spectrum, target_idxs) for spectrum in spectra]))
  File "/usr/local/lib/python3.10/dist-packages/linien_server/autolock/utils.py", line 131, in get_time_scale
    return np.abs(np.argmin(part) - np.argmax(part))
  File "<__array_function__ internals>", line 5, in argmin
  File "/usr/lib/python3/dist-packages/numpy/core/fromnumeric.py", line 1276, in argmin
    return _wrapfunc(a, 'argmin', axis=axis, out=out)
  File "/usr/lib/python3/dist-packages/numpy/core/fromnumeric.py", line 57, in _wrapfunc
    return bound(*args, **kwds)
ValueError: attempt to get argmin of an empty sequence
2025-11-07 12:34:52,974 - linien_server.autolock.autolock - DEBUG - Initialize Autolock
2025-11-07 12:34:52,986 - linien_server.autolock.autolock - DEBUG - Start the autolock
2025-11-07 12:34:52,989 - linien_server.autolock.autolock - DEBUG - (x0, x1) = (1650,1800)
2025-11-07 12:34:52,995 - linien_server.autolock.autolock - DEBUG - Start autolock with mode 1
2025-11-07 12:34:53,197 - linien_server.autolock.autolock - DEBUG - entered in react_new_spectrum
2025-11-07 12:34:53,200 - linien_server.autolock.autolock - DEBUG - pause_acquisition: False
2025-11-07 12:34:53,202 - linien_server.autolock.autolock - DEBUG - check_plot_data: True
2025-11-07 12:34:53,303 - linien_server.autolock.robust - DEBUG - handle new spectrum
2025-11-07 12:34:53,331 - linien_server.autolock.robust - ERROR - Not enough spectra collected:2 of 5
2025-11-07 12:34:53,468 - linien_server.autolock.autolock - DEBUG - entered in react_new_spectrum
2025-11-07 12:34:53,470 - linien_server.autolock.autolock - DEBUG - pause_acquisition: False
2025-11-07 12:34:53,472 - linien_server.autolock.autolock - DEBUG - check_plot_data: True
2025-11-07 12:34:53,571 - linien_server.autolock.robust - DEBUG - handle new spectrum
2025-11-07 12:34:53,600 - linien_server.autolock.robust - ERROR - Not enough spectra collected:3 of 5
2025-11-07 12:34:53,737 - linien_server.autolock.autolock - DEBUG - entered in react_new_spectrum
2025-11-07 12:34:53,740 - linien_server.autolock.autolock - DEBUG - pause_acquisition: False
2025-11-07 12:34:53,742 - linien_server.autolock.autolock - DEBUG - check_plot_data: True
2025-11-07 12:34:53,843 - linien_server.autolock.robust - DEBUG - handle new spectrum
2025-11-07 12:34:53,871 - linien_server.autolock.robust - ERROR - Not enough spectra collected:4 of 5
2025-11-07 12:34:53,927 - linien_server.autolock.autolock - DEBUG - entered in react_new_spectrum
2025-11-07 12:34:53,928 - linien_server.autolock.autolock - DEBUG - pause_acquisition: False
2025-11-07 12:34:53,930 - linien_server.autolock.autolock - DEBUG - check_plot_data: True
2025-11-07 12:34:54,035 - linien_server.autolock.robust - DEBUG - handle new spectrum
2025-11-07 12:34:54,065 - linien_server.autolock.robust - DEBUG - enough spectra!, calculate
2025-11-07 12:34:54,070 - linien_server.autolock.robust - DEBUG - Saved new robust_spectra.npy and target_idxs.npy
2025-11-07 12:34:54,236 - linien_server.autolock.autolock - ERROR - Error while handling new spectrum
Traceback (most recent call last):
  File "/usr/local/lib/python3.10/dist-packages/linien_server/autolock/autolock.py", line 212, in react_to_new_spectrum
    return self.algorithm.handle_new_spectrum(combined_error_signal)
  File "/usr/local/lib/python3.10/dist-packages/linien_server/autolock/robust.py", line 106, in handle_new_spectrum
    description, final_wait_time, time_scale = calculate_autolock_instructions(
  File "/usr/local/lib/python3.10/dist-packages/linien_server/autolock/robust.py", line 185, in calculate_autolock_instructions
    round(np.mean([get_time_scale(spectrum, target_idxs) for spectrum in spectra]))
  File "/usr/local/lib/python3.10/dist-packages/linien_server/autolock/robust.py", line 185, in <listcomp>
    round(np.mean([get_time_scale(spectrum, target_idxs) for spectrum in spectra]))
  File "/usr/local/lib/python3.10/dist-packages/linien_server/autolock/utils.py", line 131, in get_time_scale
    return np.abs(np.argmin(part) - np.argmax(part))
  File "<__array_function__ internals>", line 5, in argmin
  File "/usr/lib/python3/dist-packages/numpy/core/fromnumeric.py", line 1276, in argmin
    return _wrapfunc(a, 'argmin', axis=axis, out=out)
  File "/usr/lib/python3/dist-packages/numpy/core/fromnumeric.py", line 57, in _wrapfunc
    return bound(*args, **kwds)
ValueError: attempt to get argmin of an empty sequence
