2025-10-13 15:39:09 - LinienDataHandler - INFO - All reference lines loaded successfully.
2025-10-13 15:44:13 - LinienDataHandler - INFO - All reference lines loaded successfully.
2025-10-13 15:45:29 - LinienDataHandler - INFO - All reference lines loaded successfully.
2025-10-13 15:47:13 - LinienDataHandler - INFO - All reference lines loaded successfully.
2025-10-13 15:51:57 - LinienDataHandler - INFO - All reference lines loaded successfully.
2025-10-13 16:04:44 - LinienDataHandler - INFO - All reference lines loaded successfully.
2025-10-13 16:11:00 - LinienDataHandler - INFO - All reference lines reset successfully.
2025-10-14 08:56:04 - LinienDataHandler - INFO - All reference lines loaded successfully.
2025-10-14 09:07:46 - LinienDataHandler - INFO - All reference lines loaded successfully.
2025-10-14 09:10:43 - LinienDataHandler - INFO - All reference lines loaded successfully.
2025-10-14 09:22:16 - LinienDataHandler - INFO - Saved reference line: REFERENCE_LINE_feature_1.npy
2025-10-14 09:22:16 - LinienDataHandler - INFO - All reference lines loaded successfully.
2025-10-14 09:23:38 - LinienDataHandler - INFO - All reference lines loaded successfully.
2025-10-14 09:23:55 - LinienDataHandler - INFO - Saved reference line: REFERENCE_LINE_feature_1.npy
2025-10-14 09:23:55 - LinienDataHandler - INFO - All reference lines loaded successfully.
2025-10-14 09:25:20 - LinienDataHandler - INFO - All reference lines loaded successfully.
2025-10-14 09:25:37 - LinienDataHandler - INFO - Saved reference line: REFERENCE_LINE_feature_1.npy
2025-10-14 09:25:37 - LinienDataHandler - INFO - All reference lines loaded successfully.
2025-10-14 09:26:18 - LinienDataHandler - INFO - Saved reference line: REFERENCE_LINE_feature_1.npy
2025-10-14 09:26:18 - LinienDataHandler - INFO - All reference lines loaded successfully.
2025-10-14 09:27:55 - LinienDataHandler - INFO - All reference lines loaded successfully.
2025-10-14 09:28:11 - LinienDataHandler - INFO - Saved reference line: REFERENCE_LINE_feature_1.npy
2025-10-14 09:28:11 - LinienDataHandler - INFO - All reference lines loaded successfully.
2025-10-14 09:28:43 - LinienDataHandler - INFO - All reference lines loaded successfully.
2025-10-14 09:29:03 - LinienDataHandler - INFO - Saved reference line: REFERENCE_LINE_feature_1.npy
2025-10-14 09:29:03 - LinienDataHandler - INFO - All reference lines loaded successfully.
2025-10-14 09:29:22 - LinienDataHandler - INFO - All reference lines loaded successfully.
2025-10-14 09:29:41 - LinienDataHandler - INFO - Saved reference line: REFERENCE_LINE_feature_1.npy
2025-10-14 09:29:41 - LinienDataHandler - INFO - All reference lines loaded successfully.
2025-10-14 09:30:07 - LinienDataHandler - INFO - All reference lines loaded successfully.
2025-10-14 09:30:24 - LinienDataHandler - INFO - Saved reference line: REFERENCE_LINE_feature_1.npy
2025-10-14 09:30:24 - LinienDataHandler - INFO - All reference lines loaded successfully.
2025-10-14 09:36:38 - LinienDataHandler - INFO - All reference lines loaded successfully.
2025-10-14 09:37:51 - LinienDataHandler - INFO - Saved reference line: REFERENCE_LINE_feature_1.npy
2025-10-14 09:37:51 - LinienDataHandler - INFO - All reference lines loaded successfully.
2025-10-14 09:42:11 - LinienDataHandler - INFO - All reference lines loaded successfully.
2025-10-14 09:43:18 - LinienDataHandler - INFO - Saved reference line: REFERENCE_LINE_feature_1.npy
2025-10-14 09:43:18 - LinienDataHandler - INFO - All reference lines loaded successfully.
2025-10-14 09:48:34 - LinienDataHandler - INFO - All reference lines loaded successfully.
2025-10-14 09:48:58 - LinienDataHandler - INFO - Saved reference line: REFERENCE_LINE_feature_1.npy
2025-10-14 09:48:58 - LinienDataHandler - INFO - All reference lines loaded successfully.
2025-10-14 09:49:41 - LinienDataHandler - INFO - All reference lines loaded successfully.
2025-10-14 09:49:58 - LinienDataHandler - INFO - Saved reference line: REFERENCE_LINE_feature_1.npy
2025-10-14 09:49:58 - LinienDataHandler - INFO - All reference lines loaded successfully.
2025-10-14 09:52:09 - LinienDataHandler - INFO - All reference lines loaded successfully.
2025-10-14 09:52:26 - LinienDataHandler - INFO - Saved reference line: REFERENCE_LINE_feature_1.npy
2025-10-14 09:52:26 - LinienDataHandler - INFO - All reference lines loaded successfully.
2025-10-14 09:54:38 - LinienDataHandler - INFO - Saved reference line: REFERENCE_LINE_feature_1.npy
2025-10-14 09:54:38 - LinienDataHandler - INFO - All reference lines loaded successfully.
2025-10-14 09:55:01 - LinienDataHandler - INFO - Saved reference line: REFERENCE_LINE_feature_1.npy
2025-10-14 09:55:01 - LinienDataHandler - INFO - All reference lines loaded successfully.
2025-10-14 09:57:10 - LinienDataHandler - INFO - Saved reference line: REFERENCE_LINE_feature_1.npy
2025-10-14 09:57:10 - LinienDataHandler - INFO - All reference lines loaded successfully.
2025-10-14 10:00:29 - LinienDataHandler - INFO - Saved reference line: REFERENCE_LINE_feature_1.npy
2025-10-14 10:00:29 - LinienDataHandler - INFO - All reference lines loaded successfully.
2025-10-14 10:01:10 - LinienDataHandler - INFO - Saved reference line: REFERENCE_LINE_feature_1.npy
2025-10-14 10:01:10 - LinienDataHandler - INFO - All reference lines loaded successfully.
2025-10-14 10:01:33 - LinienDataHandler - INFO - Saved reference line: REFERENCE_LINE_feature_1.npy
2025-10-14 10:01:33 - LinienDataHandler - INFO - All reference lines loaded successfully.
2025-10-14 13:48:20 - LinienDataHandler - INFO - All reference lines loaded successfully.
2025-10-14 14:27:02 - LinienDataHandler - INFO - All reference lines loaded successfully.
2025-10-14 14:32:04 - LinienDataHandler - INFO - Saved reference line: REFERENCE_LINE_feature_1.npy
2025-10-14 14:32:04 - LinienDataHandler - INFO - All reference lines loaded successfully.
2025-10-14 14:37:53 - LinienDataHandler - INFO - All reference lines loaded successfully.
2025-10-14 14:38:34 - LinienDataHandler - INFO - Saved reference line: REFERENCE_LINE_feature_1.npy
2025-10-14 14:38:34 - LinienDataHandler - INFO - All reference lines loaded successfully.
2025-10-14 14:38:58 - LinienDataHandler - INFO - Saved reference line: REFERENCE_LINE_feature_1.npy
2025-10-14 14:38:58 - LinienDataHandler - INFO - All reference lines loaded successfully.
2025-10-14 14:39:04 - LinienDataHandler - INFO - Saved reference line: REFERENCE_LINE_feature_1.npy
2025-10-14 14:39:04 - LinienDataHandler - INFO - All reference lines loaded successfully.
2025-10-14 14:58:19 - LinienDataHandler - INFO - All reference lines loaded successfully.
2025-10-14 15:12:42 - LinienDataHandler - INFO - All reference lines loaded successfully.
2025-10-14 15:14:17 - LinienDataHandler - ERROR - Reference line with key feature_1 doesn't exists.
2025-10-14 15:14:34 - LinienDataHandler - ERROR - Reference line with key feature_1 doesn't exists.
2025-10-14 15:25:45 - LinienDataHandler - INFO - All reference lines loaded successfully.
2025-10-14 15:27:47 - LinienDataHandler - INFO - Saved reference line: REFERENCE_LINE_feature_1.npy
2025-10-14 15:27:47 - LinienDataHandler - INFO - All reference lines loaded successfully.
2025-10-14 15:27:54 - LinienDataHandler - INFO - Saved reference line: REFERENCE_LINE_feature_1.npy
2025-10-14 15:27:54 - LinienDataHandler - INFO - All reference lines loaded successfully.
2025-10-14 15:36:32 - LinienDataHandler - INFO - All reference lines loaded successfully.
2025-10-14 15:36:32 - LinienDataHandler - ERROR - Reference line with key feature_1 doesn't exists.
2025-10-14 15:37:11 - LinienDataHandler - INFO - All reference lines loaded successfully.
2025-10-14 15:37:11 - LinienDataHandler - ERROR - Reference line with key feature_1 doesn't exists.
2025-10-14 15:37:12 - LinienDataHandler - INFO - All reference lines loaded successfully.
2025-10-14 15:37:12 - LinienDataHandler - ERROR - Reference line with key feature_1 doesn't exists.
2025-10-14 15:39:18 - LinienDataHandler - ERROR - Reference line with key feature_1 doesn't exists.
2025-10-14 15:39:30 - LinienDataHandler - ERROR - Reference line with key feature_1 doesn't exists.
2025-10-14 15:39:35 - LinienDataHandler - INFO - Saved reference line: REFERENCE_LINE_feature_1.npy
2025-10-14 15:39:35 - LinienDataHandler - INFO - All reference lines loaded successfully.
2025-10-14 15:39:41 - LinienDataHandler - ERROR - Reference line with key feature_1 doesn't exists.
2025-10-14 15:41:01 - LinienDataHandler - ERROR - Reference line with key feature_1 doesn't exists.
2025-10-14 15:53:26 - LinienDataHandler - INFO - Saved reference line: REFERENCE_LINE_feature_1.npy
2025-10-14 15:53:26 - LinienDataHandler - INFO - All reference lines loaded successfully.
2025-10-14 15:53:45 - LinienDataHandler - INFO - Saved reference line: REFERENCE_LINE_feature_1.npy
2025-10-14 15:53:45 - LinienDataHandler - INFO - All reference lines loaded successfully.
2025-10-14 15:55:21 - LinienDataHandler - INFO - Saved reference line: REFERENCE_LINE_feature_1.npy
2025-10-14 15:55:21 - LinienDataHandler - INFO - All reference lines loaded successfully.
2025-10-14 15:55:31 - LinienDataHandler - INFO - Saved reference line: REFERENCE_LINE_feature_1.npy
2025-10-14 15:55:31 - LinienDataHandler - INFO - All reference lines loaded successfully.
2025-10-14 15:55:38 - LinienDataHandler - INFO - Saved reference line: REFERENCE_LINE_feature_1.npy
2025-10-14 15:55:38 - LinienDataHandler - INFO - All reference lines loaded successfully.
2025-10-14 15:55:48 - LinienDataHandler - INFO - Saved reference line: REFERENCE_LINE_feature_1.npy
2025-10-14 15:55:48 - LinienDataHandler - INFO - All reference lines loaded successfully.
2025-10-14 15:56:44 - LinienDataHandler - INFO - Saved reference line: REFERENCE_LINE_feature_1.npy
2025-10-14 15:56:44 - LinienDataHandler - INFO - All reference lines loaded successfully.
2025-10-14 15:57:22 - LinienDataHandler - INFO - Saved reference line: REFERENCE_LINE_feature_1.npy
2025-10-14 15:57:22 - LinienDataHandler - INFO - All reference lines loaded successfully.
2025-10-14 15:57:27 - LinienDataHandler - INFO - Saved reference line: REFERENCE_LINE_feature_1.npy
2025-10-14 15:57:27 - LinienDataHandler - INFO - All reference lines loaded successfully.
2025-10-14 15:57:36 - LinienDataHandler - INFO - Saved reference line: REFERENCE_LINE_feature_1.npy
2025-10-14 15:57:36 - LinienDataHandler - INFO - All reference lines loaded successfully.
2025-10-14 15:57:40 - LinienDataHandler - INFO - Saved reference line: REFERENCE_LINE_feature_1.npy
2025-10-14 15:57:40 - LinienDataHandler - INFO - All reference lines loaded successfully.
2025-10-14 15:57:46 - LinienDataHandler - INFO - Saved reference line: REFERENCE_LINE_feature_1.npy
2025-10-14 15:57:46 - LinienDataHandler - INFO - All reference lines loaded successfully.
2025-10-15 08:54:38 - LinienDataHandler - INFO - All reference lines loaded successfully.
2025-10-15 08:59:48 - LinienDataHandler - INFO - Saved reference line: REFERENCE_LINE_feature_1.npy
2025-10-15 08:59:48 - LinienDataHandler - INFO - All reference lines loaded successfully.
2025-10-15 09:00:26 - LinienDataHandler - INFO - Saved reference line: REFERENCE_LINE_feature_1.npy
2025-10-15 09:00:26 - LinienDataHandler - INFO - All reference lines loaded successfully.
2025-10-15 09:00:33 - LinienDataHandler - INFO - Saved reference line: REFERENCE_LINE_feature_1.npy
2025-10-15 09:00:33 - LinienDataHandler - INFO - All reference lines loaded successfully.
2025-10-15 09:00:45 - LinienDataHandler - INFO - Saved reference line: REFERENCE_LINE_feature_1.npy
2025-10-15 09:00:45 - LinienDataHandler - INFO - All reference lines loaded successfully.
2025-10-15 09:00:59 - LinienDataHandler - INFO - Saved reference line: REFERENCE_LINE_feature_1.npy
2025-10-15 09:00:59 - LinienDataHandler - INFO - All reference lines loaded successfully.
2025-10-15 12:30:01 - LinienDataHandler - INFO - All reference lines loaded successfully.
2025-10-15 13:59:39 - LinienDataHandler - INFO - All reference lines loaded successfully.
2025-10-15 14:32:46 - LinienDataHandler - INFO - Saved reference line: REFERENCE_LINE_feature_1.npy
2025-10-15 14:32:46 - LinienDataHandler - INFO - All reference lines loaded successfully.
2025-10-15 14:33:03 - LinienDataHandler - INFO - Saved reference line: REFERENCE_LINE_feature_1.npy
2025-10-15 14:33:03 - LinienDataHandler - INFO - All reference lines loaded successfully.
2025-10-15 14:33:16 - LinienDataHandler - INFO - Saved reference line: REFERENCE_LINE_feature_1.npy
2025-10-15 14:33:16 - LinienDataHandler - INFO - All reference lines loaded successfully.
2025-10-15 14:33:35 - LinienDataHandler - INFO - Saved reference line: REFERENCE_LINE_feature_1.npy
2025-10-15 14:33:35 - LinienDataHandler - INFO - All reference lines loaded successfully.
2025-10-15 14:54:46 - LinienDataHandler - INFO - Saved reference line: REFERENCE_LINE_feature_1.npy
2025-10-15 14:54:46 - LinienDataHandler - INFO - All reference lines loaded successfully.
2025-10-15 14:55:01 - LinienDataHandler - INFO - Saved reference line: REFERENCE_LINE_feature_1.npy
2025-10-15 14:55:01 - LinienDataHandler - INFO - All reference lines loaded successfully.
2025-10-15 14:55:16 - LinienDataHandler - INFO - Saved reference line: REFERENCE_LINE_feature_1.npy
2025-10-15 14:55:16 - LinienDataHandler - INFO - All reference lines loaded successfully.
2025-10-15 14:55:24 - LinienDataHandler - INFO - Saved reference line: REFERENCE_LINE_feature_1.npy
2025-10-15 14:55:24 - LinienDataHandler - INFO - All reference lines loaded successfully.
2025-10-15 16:34:19 - LinienDataHandler - INFO - Saved reference line: REFERENCE_LINE_feature_1.npy
2025-10-15 16:34:19 - LinienDataHandler - INFO - All reference lines loaded successfully.
2025-10-15 16:51:51 - LinienDataHandler - INFO - All reference lines loaded successfully.
2025-10-16 08:39:23 - LinienDataHandler - INFO - All reference lines loaded successfully.
2025-10-16 08:40:51 - LinienDataHandler - INFO - Saved reference line: REFERENCE_LINE_feature_1.npy
2025-10-16 08:40:51 - LinienDataHandler - INFO - All reference lines loaded successfully.
2025-10-16 08:41:29 - LinienDataHandler - INFO - Saved reference line: REFERENCE_LINE_feature_1.npy
2025-10-16 08:41:29 - LinienDataHandler - INFO - All reference lines loaded successfully.
2025-10-16 08:41:40 - LinienDataHandler - INFO - Saved reference line: REFERENCE_LINE_feature_1.npy
2025-10-16 08:41:40 - LinienDataHandler - INFO - All reference lines loaded successfully.
2025-10-16 11:13:03 - LinienDataHandler - INFO - All reference lines loaded successfully.
2025-10-16 11:14:17 - LinienDataHandler - INFO - Saved reference line: REFERENCE_LINE_feature_1.npy
2025-10-16 11:14:17 - LinienDataHandler - INFO - All reference lines loaded successfully.
2025-10-16 11:14:48 - LinienDataHandler - INFO - Saved reference line: REFERENCE_LINE_feature_1.npy
2025-10-16 11:14:48 - LinienDataHandler - INFO - All reference lines loaded successfully.
2025-10-16 11:15:00 - LinienDataHandler - INFO - Saved reference line: REFERENCE_LINE_feature_1.npy
2025-10-16 11:15:00 - LinienDataHandler - INFO - All reference lines loaded successfully.
2025-10-16 11:15:15 - LinienDataHandler - INFO - Saved reference line: REFERENCE_LINE_feature_1.npy
2025-10-16 11:15:15 - LinienDataHandler - INFO - All reference lines loaded successfully.
2025-10-16 15:26:03 - LinienDataHandler - INFO - All reference lines loaded successfully.
2025-10-16 15:32:21 - LinienDataHandler - INFO - Saved reference line: REFERENCE_LINE_feature_1.npy
2025-10-16 15:32:21 - LinienDataHandler - INFO - All reference lines loaded successfully.
2025-10-16 15:32:39 - LinienDataHandler - INFO - Saved reference line: REFERENCE_LINE_feature_1.npy
2025-10-16 15:32:39 - LinienDataHandler - INFO - All reference lines loaded successfully.
2025-10-16 15:32:45 - LinienDataHandler - INFO - Saved reference line: REFERENCE_LINE_feature_1.npy
2025-10-16 15:32:45 - LinienDataHandler - INFO - All reference lines loaded successfully.
2025-10-16 15:32:57 - LinienDataHandler - INFO - Saved reference line: REFERENCE_LINE_feature_1.npy
2025-10-16 15:32:57 - LinienDataHandler - INFO - All reference lines loaded successfully.
2025-10-16 15:33:34 - LinienDataHandler - INFO - Saved reference line: REFERENCE_LINE_feature_1.npy
2025-10-16 15:33:34 - LinienDataHandler - INFO - All reference lines loaded successfully.
2025-10-16 15:33:43 - LinienDataHandler - INFO - Saved reference line: REFERENCE_LINE_feature_1.npy
2025-10-16 15:33:43 - LinienDataHandler - INFO - All reference lines loaded successfully.
2025-10-16 15:33:48 - LinienDataHandler - INFO - Saved reference line: REFERENCE_LINE_feature_1.npy
2025-10-16 15:33:48 - LinienDataHandler - INFO - All reference lines loaded successfully.
2025-10-16 15:33:55 - LinienDataHandler - INFO - Saved reference line: REFERENCE_LINE_feature_1.npy
2025-10-16 15:33:55 - LinienDataHandler - INFO - All reference lines loaded successfully.
2025-10-16 16:03:15 - LinienDataHandler - INFO - All reference lines loaded successfully.
2025-10-16 16:22:38 - LinienDataHandler - INFO - All reference lines loaded successfully.
2025-10-16 16:37:12 - LinienDataHandler - INFO - All reference lines loaded successfully.
2025-10-20 08:40:26 - LinienDataHandler - INFO - All reference lines loaded successfully.
2025-10-20 08:41:44 - LinienDataHandler - INFO - Saved reference line: REFERENCE_LINE_feature_1.npy
2025-10-20 08:41:44 - LinienDataHandler - INFO - All reference lines loaded successfully.
2025-10-20 08:42:34 - LinienDataHandler - INFO - Saved reference line: REFERENCE_LINE_feature_1.npy
2025-10-20 08:42:34 - LinienDataHandler - INFO - All reference lines loaded successfully.
2025-10-20 08:42:45 - LinienDataHandler - INFO - Saved reference line: REFERENCE_LINE_feature_1.npy
2025-10-20 08:42:45 - LinienDataHandler - INFO - All reference lines loaded successfully.
2025-10-20 08:42:50 - LinienDataHandler - INFO - Saved reference line: REFERENCE_LINE_feature_1.npy
2025-10-20 08:42:50 - LinienDataHandler - INFO - All reference lines loaded successfully.
2025-10-20 08:46:40 - LinienDataHandler - INFO - Saved reference line: REFERENCE_LINE_feature_1.npy
2025-10-20 08:46:40 - LinienDataHandler - INFO - All reference lines loaded successfully.
2025-10-20 08:47:21 - LinienDataHandler - INFO - Saved reference line: REFERENCE_LINE_feature_1.npy
2025-10-20 08:47:21 - LinienDataHandler - INFO - All reference lines loaded successfully.
2025-10-20 09:54:05 - LinienDataHandler - INFO - All reference lines loaded successfully.
2025-10-20 09:57:43 - LinienDataHandler - INFO - All reference lines loaded successfully.
2025-10-20 09:58:17 - LinienDataHandler - INFO - Saved reference line: REFERENCE_LINE_feature_1.npy
2025-10-20 09:58:17 - LinienDataHandler - INFO - All reference lines loaded successfully.
2025-10-20 09:59:02 - LinienDataHandler - INFO - Saved reference line: REFERENCE_LINE_feature_1.npy
2025-10-20 09:59:02 - LinienDataHandler - INFO - All reference lines loaded successfully.
2025-10-20 09:59:13 - LinienDataHandler - INFO - Saved reference line: REFERENCE_LINE_feature_1.npy
2025-10-20 09:59:13 - LinienDataHandler - INFO - All reference lines loaded successfully.
2025-10-20 09:59:19 - LinienDataHandler - INFO - Saved reference line: REFERENCE_LINE_feature_1.npy
2025-10-20 09:59:19 - LinienDataHandler - INFO - All reference lines loaded successfully.
2025-10-20 10:11:48 - LinienDataHandler - INFO - All reference lines loaded successfully.
2025-10-20 10:13:18 - LinienDataHandler - INFO - All reference lines loaded successfully.
2025-10-20 10:13:57 - LinienDataHandler - INFO - Saved reference line: REFERENCE_LINE_feature_1.npy
2025-10-20 10:13:57 - LinienDataHandler - INFO - All reference lines loaded successfully.
2025-10-20 10:14:15 - LinienDataHandler - INFO - Saved reference line: REFERENCE_LINE_feature_1.npy
2025-10-20 10:14:15 - LinienDataHandler - INFO - All reference lines loaded successfully.
2025-10-20 10:36:41 - LinienDataHandler - INFO - All reference lines loaded successfully.
2025-10-20 11:00:58 - LinienDataHandler - INFO - Saved reference line: REFERENCE_LINE_feature_1.npy
2025-10-20 11:00:58 - LinienDataHandler - INFO - All reference lines loaded successfully.
2025-10-20 11:01:36 - LinienDataHandler - INFO - Saved reference line: REFERENCE_LINE_feature_1.npy
2025-10-20 11:01:36 - LinienDataHandler - INFO - All reference lines loaded successfully.
2025-10-20 11:02:19 - LinienDataHandler - INFO - Saved reference line: REFERENCE_LINE_feature_1.npy
2025-10-20 11:02:19 - LinienDataHandler - INFO - All reference lines loaded successfully.
2025-10-20 12:22:43 - LinienDataHandler - INFO - All reference lines loaded successfully.
2025-10-20 12:23:21 - LinienDataHandler - INFO - Saved reference line: REFERENCE_LINE_feature_1.npy
2025-10-20 12:23:21 - LinienDataHandler - INFO - All reference lines loaded successfully.
2025-10-20 12:24:04 - LinienDataHandler - INFO - Saved reference line: REFERENCE_LINE_feature_1.npy
2025-10-20 12:24:04 - LinienDataHandler - INFO - All reference lines loaded successfully.
2025-10-20 12:24:13 - LinienDataHandler - INFO - Saved reference line: REFERENCE_LINE_feature_1.npy
2025-10-20 12:24:13 - LinienDataHandler - INFO - All reference lines loaded successfully.
2025-10-20 13:58:33 - LinienDataHandler - INFO - All reference lines loaded successfully.
2025-10-20 14:00:13 - LinienDataHandler - INFO - Saved reference line: REFERENCE_LINE_feature_1.npy
2025-10-20 14:00:13 - LinienDataHandler - INFO - All reference lines loaded successfully.
2025-10-20 14:00:41 - LinienDataHandler - INFO - Saved reference line: REFERENCE_LINE_feature_1.npy
2025-10-20 14:00:41 - LinienDataHandler - INFO - All reference lines loaded successfully.
2025-10-20 14:43:48 - LinienDataHandler - INFO - All reference lines loaded successfully.
2025-10-20 15:15:29 - LinienDataHandler - INFO - All reference lines loaded successfully.
2025-10-20 15:32:17 - LinienDataHandler - INFO - All reference lines loaded successfully.
2025-10-20 15:50:30 - LinienDataHandler - INFO - All reference lines loaded successfully.
2025-10-20 15:55:45 - LinienDataHandler - INFO - All reference lines loaded successfully.
2025-10-20 16:01:16 - LinienDataHandler - INFO - All reference lines loaded successfully.
2025-10-20 16:05:40 - LinienDataHandler - INFO - All reference lines loaded successfully.
2025-10-20 16:10:02 - LinienDataHandler - INFO - All reference lines loaded successfully.
2025-10-21 08:36:09 - LinienDataHandler - INFO - All reference lines loaded successfully.
2025-10-21 08:38:33 - LinienDataHandler - INFO - Saved reference line: REFERENCE_LINE_feature_1.npy
2025-10-21 08:38:33 - LinienDataHandler - INFO - All reference lines loaded successfully.
2025-10-21 08:39:06 - LinienDataHandler - INFO - Saved reference line: REFERENCE_LINE_feature_1.npy
2025-10-21 08:39:06 - LinienDataHandler - INFO - All reference lines loaded successfully.
2025-10-21 08:39:15 - LinienDataHandler - INFO - Saved reference line: REFERENCE_LINE_feature_1.npy
2025-10-21 08:39:15 - LinienDataHandler - INFO - All reference lines loaded successfully.
2025-10-21 08:39:23 - LinienDataHandler - INFO - Saved reference line: REFERENCE_LINE_feature_1.npy
2025-10-21 08:39:23 - LinienDataHandler - INFO - All reference lines loaded successfully.
2025-10-21 09:00:37 - LinienDataHandler - INFO - All reference lines loaded successfully.
2025-10-21 09:16:03 - LinienDataHandler - INFO - All reference lines loaded successfully.
2025-10-21 10:21:54 - LinienDataHandler - INFO - All reference lines loaded successfully.
2025-10-23 13:03:42 - LinienDataHandler - INFO - All reference lines loaded successfully.
2025-10-23 13:05:56 - LinienDataHandler - INFO - All reference lines loaded successfully.
2025-10-23 13:07:14 - LinienDataHandler - INFO - Saved reference line: REFERENCE_LINE_feature_1.npy
2025-10-23 13:07:14 - LinienDataHandler - INFO - All reference lines loaded successfully.
2025-10-23 13:08:21 - LinienDataHandler - INFO - Saved reference line: REFERENCE_LINE_feature_1.npy
2025-10-23 13:08:21 - LinienDataHandler - INFO - All reference lines loaded successfully.
2025-10-23 13:08:33 - LinienDataHandler - INFO - Saved reference line: REFERENCE_LINE_feature_1.npy
2025-10-23 13:08:33 - LinienDataHandler - INFO - All reference lines loaded successfully.
2025-10-23 13:08:42 - LinienDataHandler - INFO - Saved reference line: REFERENCE_LINE_feature_1.npy
2025-10-23 13:08:42 - LinienDataHandler - INFO - All reference lines loaded successfully.
2025-10-23 13:12:41 - LinienDataHandler - INFO - Saved reference line: REFERENCE_LINE_feature_1.npy
2025-10-23 13:12:41 - LinienDataHandler - INFO - All reference lines loaded successfully.
2025-10-23 13:13:18 - LinienDataHandler - INFO - Saved reference line: REFERENCE_LINE_feature_1.npy
2025-10-23 13:13:18 - LinienDataHandler - INFO - All reference lines loaded successfully.
2025-10-23 13:13:39 - LinienDataHandler - INFO - Saved reference line: REFERENCE_LINE_feature_1.npy
2025-10-23 13:13:39 - LinienDataHandler - INFO - All reference lines loaded successfully.
2025-10-23 13:13:45 - LinienDataHandler - INFO - Saved reference line: REFERENCE_LINE_feature_1.npy
2025-10-23 13:13:45 - LinienDataHandler - INFO - All reference lines loaded successfully.
2025-10-23 13:13:50 - LinienDataHandler - INFO - Saved reference line: REFERENCE_LINE_feature_1.npy
2025-10-23 13:13:50 - LinienDataHandler - INFO - All reference lines loaded successfully.
2025-10-23 13:13:59 - LinienDataHandler - INFO - Saved reference line: REFERENCE_LINE_feature_1.npy
2025-10-23 13:13:59 - LinienDataHandler - INFO - All reference lines loaded successfully.
2025-10-23 13:29:00 - LinienDataHandler - INFO - All reference lines loaded successfully.
2025-10-23 14:02:50 - LinienDataHandler - INFO - All reference lines loaded successfully.
2025-10-23 14:05:05 - LinienDataHandler - INFO - Saved reference line: REFERENCE_LINE_feature_1.npy
2025-10-23 14:05:05 - LinienDataHandler - INFO - All reference lines loaded successfully.
2025-10-23 14:05:40 - LinienDataHandler - INFO - Saved reference line: REFERENCE_LINE_feature_1.npy
2025-10-23 14:05:40 - LinienDataHandler - INFO - All reference lines loaded successfully.
2025-10-23 14:05:52 - LinienDataHandler - INFO - Saved reference line: REFERENCE_LINE_feature_1.npy
2025-10-23 14:05:52 - LinienDataHandler - INFO - All reference lines loaded successfully.
2025-10-23 15:52:42 - LinienDataHandler - INFO - All reference lines loaded successfully.
2025-10-24 08:54:08 - LinienDataHandler - INFO - All reference lines loaded successfully.
2025-10-24 08:54:09 - LinienDataHandler - INFO - All reference lines loaded successfully.
2025-10-24 08:58:34 - LinienDataHandler - INFO - All reference lines loaded successfully.
2025-10-24 08:59:09 - LinienDataHandler - INFO - Saved reference line: REFERENCE_LINE_feature_1.npy
2025-10-24 08:59:09 - LinienDataHandler - INFO - All reference lines loaded successfully.
2025-10-24 08:59:49 - LinienDataHandler - INFO - Saved reference line: REFERENCE_LINE_feature_1.npy
2025-10-24 08:59:49 - LinienDataHandler - INFO - All reference lines loaded successfully.
2025-10-24 08:59:58 - LinienDataHandler - INFO - Saved reference line: REFERENCE_LINE_feature_1.npy
2025-10-24 08:59:58 - LinienDataHandler - INFO - All reference lines loaded successfully.
2025-10-24 09:00:07 - LinienDataHandler - INFO - Saved reference line: REFERENCE_LINE_feature_1.npy
2025-10-24 09:00:07 - LinienDataHandler - INFO - All reference lines loaded successfully.
2025-10-24 09:00:13 - LinienDataHandler - INFO - Saved reference line: REFERENCE_LINE_feature_1.npy
2025-10-24 09:00:13 - LinienDataHandler - INFO - All reference lines loaded successfully.
2025-10-24 09:00:24 - LinienDataHandler - INFO - Saved reference line: REFERENCE_LINE_feature_1.npy
2025-10-24 09:00:24 - LinienDataHandler - INFO - All reference lines loaded successfully.
2025-10-24 09:13:09 - LinienDataHandler - INFO - All reference lines loaded successfully.
2025-10-24 09:29:11 - LinienDataHandler - INFO - All reference lines loaded successfully.
2025-10-24 10:30:49 - LinienDataHandler - INFO - All reference lines loaded successfully.
2025-10-24 10:35:14 - LinienDataHandler - INFO - All reference lines loaded successfully.
2025-10-24 10:37:25 - LinienDataHandler - INFO - Saved reference line: REFERENCE_LINE_feature_1.npy
2025-10-24 10:37:25 - LinienDataHandler - INFO - All reference lines loaded successfully.
2025-10-24 10:38:03 - LinienDataHandler - INFO - Saved reference line: REFERENCE_LINE_feature_1.npy
2025-10-24 10:38:03 - LinienDataHandler - INFO - All reference lines loaded successfully.
2025-10-24 10:38:09 - LinienDataHandler - INFO - Saved reference line: REFERENCE_LINE_feature_1.npy
2025-10-24 10:38:09 - LinienDataHandler - INFO - All reference lines loaded successfully.
2025-10-24 11:22:32 - LinienDataHandler - INFO - All reference lines loaded successfully.
2025-10-24 11:23:53 - LinienDataHandler - INFO - Saved reference line: REFERENCE_LINE_feature_1.npy
2025-10-24 11:23:53 - LinienDataHandler - INFO - All reference lines loaded successfully.
2025-10-24 11:24:28 - LinienDataHandler - INFO - Saved reference line: REFERENCE_LINE_feature_1.npy
2025-10-24 11:24:28 - LinienDataHandler - INFO - All reference lines loaded successfully.
2025-10-24 11:55:28 - LinienDataHandler - INFO - All reference lines loaded successfully.
2025-10-24 11:56:11 - LinienDataHandler - INFO - All reference lines loaded successfully.
2025-10-24 11:57:18 - LinienDataHandler - INFO - All reference lines loaded successfully.
2025-10-24 11:59:59 - LinienDataHandler - INFO - All reference lines loaded successfully.
2025-10-24 12:04:27 - LinienDataHandler - INFO - Saved reference line: REFERENCE_LINE_feature_1.npy
2025-10-24 12:04:27 - LinienDataHandler - INFO - All reference lines loaded successfully.
2025-10-24 12:09:51 - LinienDataHandler - INFO - All reference lines loaded successfully.
2025-10-24 12:11:19 - LinienDataHandler - INFO - All reference lines loaded successfully.
2025-10-24 13:42:04 - LinienDataHandler - INFO - All reference lines loaded successfully.
2025-10-24 14:01:16 - LinienDataHandler - INFO - All reference lines loaded successfully.
2025-10-24 14:04:37 - LinienDataHandler - INFO - All reference lines loaded successfully.
2025-10-24 16:13:12 - LinienDataHandler - INFO - All reference lines loaded successfully.
2025-10-24 16:24:03 - LinienDataHandler - INFO - All reference lines loaded successfully.
2025-10-27 08:41:32 - LinienDataHandler - INFO - All reference lines loaded successfully.
2025-10-27 08:42:03 - LinienDataHandler - INFO - Saved reference line: REFERENCE_LINE_feature_1.npy
2025-10-27 08:42:03 - LinienDataHandler - INFO - All reference lines loaded successfully.
2025-10-27 08:42:15 - LinienDataHandler - INFO - Saved reference line: REFERENCE_LINE_feature_1.npy
2025-10-27 08:42:15 - LinienDataHandler - INFO - All reference lines loaded successfully.
2025-10-27 08:50:01 - LinienDataHandler - INFO - Saved reference line: REFERENCE_LINE_feature_1.npy
2025-10-27 08:50:01 - LinienDataHandler - INFO - All reference lines loaded successfully.
2025-10-27 08:50:08 - LinienDataHandler - INFO - Saved reference line: REFERENCE_LINE_feature_1.npy
2025-10-27 08:50:08 - LinienDataHandler - INFO - All reference lines loaded successfully.
2025-10-27 08:50:14 - LinienDataHandler - INFO - Saved reference line: REFERENCE_LINE_feature_1.npy
2025-10-27 08:50:14 - LinienDataHandler - INFO - All reference lines loaded successfully.
2025-10-27 08:51:34 - LinienDataHandler - INFO - All reference lines loaded successfully.
2025-10-27 08:52:06 - LinienDataHandler - INFO - Saved reference line: REFERENCE_LINE_feature_1.npy
2025-10-27 08:52:06 - LinienDataHandler - INFO - All reference lines loaded successfully.
2025-10-27 08:52:29 - LinienDataHandler - INFO - Saved reference line: REFERENCE_LINE_feature_1.npy
2025-10-27 08:52:29 - LinienDataHandler - INFO - All reference lines loaded successfully.
2025-10-27 15:34:53 - LinienDataHandler - INFO - All reference lines loaded successfully.
2025-10-28 08:29:12 - LinienDataHandler - INFO - All reference lines loaded successfully.
2025-10-28 08:31:08 - LinienDataHandler - INFO - Saved reference line: REFERENCE_LINE_feature_1.npy
2025-10-28 08:31:08 - LinienDataHandler - INFO - All reference lines loaded successfully.
2025-10-28 08:32:31 - LinienDataHandler - INFO - All reference lines loaded successfully.
2025-10-28 08:34:19 - LinienDataHandler - INFO - Saved reference line: REFERENCE_LINE_feature_1.npy
2025-10-28 08:34:19 - LinienDataHandler - INFO - All reference lines loaded successfully.
2025-10-28 08:35:13 - LinienDataHandler - INFO - Saved reference line: REFERENCE_LINE_feature_1.npy
2025-10-28 08:35:13 - LinienDataHandler - INFO - All reference lines loaded successfully.
2025-10-28 08:35:20 - LinienDataHandler - INFO - Saved reference line: REFERENCE_LINE_feature_1.npy
2025-10-28 08:35:20 - LinienDataHandler - INFO - All reference lines loaded successfully.
2025-10-28 08:35:28 - LinienDataHandler - INFO - Saved reference line: REFERENCE_LINE_feature_1.npy
2025-10-28 08:35:28 - LinienDataHandler - INFO - All reference lines loaded successfully.
2025-10-28 08:45:44 - LinienDataHandler - INFO - All reference lines loaded successfully.
2025-10-28 09:17:11 - LinienDataHandler - INFO - All reference lines loaded successfully.
2025-10-28 09:18:04 - LinienDataHandler - INFO - Saved reference line: REFERENCE_LINE_feature_1.npy
2025-10-28 09:18:04 - LinienDataHandler - INFO - All reference lines loaded successfully.
2025-10-28 09:18:57 - LinienDataHandler - INFO - Saved reference line: REFERENCE_LINE_feature_1.npy
2025-10-28 09:18:57 - LinienDataHandler - INFO - All reference lines loaded successfully.
2025-10-28 09:19:06 - LinienDataHandler - INFO - Saved reference line: REFERENCE_LINE_feature_1.npy
2025-10-28 09:19:06 - LinienDataHandler - INFO - All reference lines loaded successfully.
2025-10-28 09:19:19 - LinienDataHandler - INFO - Saved reference line: REFERENCE_LINE_feature_1.npy
2025-10-28 09:19:19 - LinienDataHandler - INFO - All reference lines loaded successfully.
2025-10-28 09:26:44 - LinienDataHandler - INFO - All reference lines loaded successfully.
2025-10-28 09:27:24 - LinienDataHandler - INFO - Saved reference line: REFERENCE_LINE_feature_1.npy
2025-10-28 09:27:24 - LinienDataHandler - INFO - All reference lines loaded successfully.
2025-10-28 09:27:35 - LinienDataHandler - INFO - Saved reference line: REFERENCE_LINE_feature_1.npy
2025-10-28 09:27:35 - LinienDataHandler - INFO - All reference lines loaded successfully.
2025-10-28 09:27:39 - LinienDataHandler - INFO - Saved reference line: REFERENCE_LINE_feature_1.npy
2025-10-28 09:27:39 - LinienDataHandler - INFO - All reference lines loaded successfully.
2025-10-28 10:05:30 - LinienDataHandler - INFO - All reference lines loaded successfully.
2025-10-28 10:06:00 - LinienDataHandler - INFO - Saved reference line: REFERENCE_LINE_feature_1.npy
2025-10-28 10:06:00 - LinienDataHandler - INFO - All reference lines loaded successfully.
2025-10-28 10:06:34 - LinienDataHandler - INFO - Saved reference line: REFERENCE_LINE_feature_1.npy
2025-10-28 10:06:34 - LinienDataHandler - INFO - All reference lines loaded successfully.
2025-10-28 10:06:44 - LinienDataHandler - INFO - Saved reference line: REFERENCE_LINE_feature_1.npy
2025-10-28 10:06:44 - LinienDataHandler - INFO - All reference lines loaded successfully.
2025-10-28 10:06:47 - LinienDataHandler - INFO - Saved reference line: REFERENCE_LINE_feature_1.npy
2025-10-28 10:06:47 - LinienDataHandler - INFO - All reference lines loaded successfully.
2025-10-28 10:06:53 - LinienDataHandler - INFO - Saved reference line: REFERENCE_LINE_feature_1.npy
2025-10-28 10:06:53 - LinienDataHandler - INFO - All reference lines loaded successfully.
2025-10-28 10:07:01 - LinienDataHandler - INFO - Saved reference line: REFERENCE_LINE_feature_1.npy
2025-10-28 10:07:01 - LinienDataHandler - INFO - All reference lines loaded successfully.
2025-10-28 10:07:07 - LinienDataHandler - INFO - Saved reference line: REFERENCE_LINE_feature_1.npy
2025-10-28 10:07:07 - LinienDataHandler - INFO - All reference lines loaded successfully.
2025-10-28 10:14:40 - LinienDataHandler - INFO - All reference lines loaded successfully.
2025-10-28 11:18:13 - LinienDataHandler - INFO - All reference lines loaded successfully.
2025-10-28 11:21:22 - LinienDataHandler - INFO - All reference lines loaded successfully.
2025-10-28 11:23:05 - LinienDataHandler - INFO - Saved reference line: REFERENCE_LINE_feature_1.npy
2025-10-28 11:23:05 - LinienDataHandler - INFO - All reference lines loaded successfully.
2025-10-28 11:25:56 - LinienDataHandler - INFO - Saved reference line: REFERENCE_LINE_feature_1.npy
2025-10-28 11:25:56 - LinienDataHandler - INFO - All reference lines loaded successfully.
2025-10-28 11:26:42 - LinienDataHandler - INFO - Saved reference line: REFERENCE_LINE_feature_1.npy
2025-10-28 11:26:42 - LinienDataHandler - INFO - All reference lines loaded successfully.
2025-10-28 11:26:50 - LinienDataHandler - INFO - Saved reference line: REFERENCE_LINE_feature_1.npy
2025-10-28 11:26:50 - LinienDataHandler - INFO - All reference lines loaded successfully.
2025-10-28 11:26:57 - LinienDataHandler - INFO - Saved reference line: REFERENCE_LINE_feature_1.npy
2025-10-28 11:26:57 - LinienDataHandler - INFO - All reference lines loaded successfully.
2025-10-28 11:27:12 - LinienDataHandler - INFO - Saved reference line: REFERENCE_LINE_feature_1.npy
2025-10-28 11:27:12 - LinienDataHandler - INFO - All reference lines loaded successfully.
2025-10-28 11:33:05 - LinienDataHandler - INFO - All reference lines loaded successfully.
2025-10-28 14:20:04 - LinienDataHandler - INFO - All reference lines loaded successfully.
2025-10-28 14:20:53 - LinienDataHandler - INFO - Saved reference line: REFERENCE_LINE_feature_1.npy
2025-10-28 14:20:53 - LinienDataHandler - INFO - All reference lines loaded successfully.
2025-10-28 14:21:41 - LinienDataHandler - INFO - Saved reference line: REFERENCE_LINE_feature_1.npy
2025-10-28 14:21:41 - LinienDataHandler - INFO - All reference lines loaded successfully.
2025-10-28 14:21:49 - LinienDataHandler - INFO - Saved reference line: REFERENCE_LINE_feature_1.npy
2025-10-28 14:21:49 - LinienDataHandler - INFO - All reference lines loaded successfully.
2025-10-28 14:21:56 - LinienDataHandler - INFO - Saved reference line: REFERENCE_LINE_feature_1.npy
2025-10-28 14:21:56 - LinienDataHandler - INFO - All reference lines loaded successfully.
2025-10-28 14:37:09 - LinienDataHandler - INFO - All reference lines loaded successfully.
2025-10-28 14:48:09 - LinienDataHandler - INFO - All reference lines loaded successfully.
2025-10-28 14:50:01 - LinienDataHandler - INFO - All reference lines loaded successfully.
2025-10-28 15:00:43 - LinienDataHandler - INFO - All reference lines loaded successfully.
2025-10-28 15:14:07 - LinienDataHandler - INFO - All reference lines loaded successfully.
2025-10-28 15:28:20 - LinienDataHandler - INFO - All reference lines loaded successfully.
2025-10-28 15:39:17 - LinienDataHandler - INFO - All reference lines loaded successfully.
2025-10-28 15:49:30 - LinienDataHandler - INFO - All reference lines loaded successfully.
2025-10-28 16:13:59 - LinienDataHandler - INFO - All reference lines loaded successfully.
2025-10-28 16:17:32 - LinienDataHandler - INFO - All reference lines loaded successfully.
2025-10-28 16:52:04 - LinienDataHandler - INFO - All reference lines loaded successfully.
2025-10-29 09:03:53 - LinienDataHandler - INFO - All reference lines loaded successfully.
2025-10-29 09:05:46 - LinienDataHandler - INFO - Saved reference line: REFERENCE_LINE_feature_1.npy
2025-10-29 09:05:46 - LinienDataHandler - INFO - All reference lines loaded successfully.
2025-10-29 09:06:57 - LinienDataHandler - INFO - Saved reference line: REFERENCE_LINE_feature_1.npy
2025-10-29 09:06:57 - LinienDataHandler - INFO - All reference lines loaded successfully.
2025-10-29 09:07:07 - LinienDataHandler - INFO - Saved reference line: REFERENCE_LINE_feature_1.npy
2025-10-29 09:07:07 - LinienDataHandler - INFO - All reference lines loaded successfully.
2025-10-29 11:36:16 - LinienDataHandler - INFO - All reference lines loaded successfully.
2025-10-29 11:37:03 - LinienDataHandler - INFO - Saved reference line: REFERENCE_LINE_feature_1.npy
2025-10-29 11:37:03 - LinienDataHandler - INFO - All reference lines loaded successfully.
2025-10-29 11:38:06 - LinienDataHandler - INFO - Saved reference line: REFERENCE_LINE_feature_1.npy
2025-10-29 11:38:06 - LinienDataHandler - INFO - All reference lines loaded successfully.
2025-10-29 11:38:43 - LinienDataHandler - INFO - Saved reference line: REFERENCE_LINE_feature_1.npy
2025-10-29 11:38:43 - LinienDataHandler - INFO - All reference lines loaded successfully.
2025-10-29 11:38:49 - LinienDataHandler - INFO - Saved reference line: REFERENCE_LINE_feature_1.npy
2025-10-29 11:38:49 - LinienDataHandler - INFO - All reference lines loaded successfully.
2025-10-29 11:39:01 - LinienDataHandler - INFO - Saved reference line: REFERENCE_LINE_feature_1.npy
2025-10-29 11:39:01 - LinienDataHandler - INFO - All reference lines loaded successfully.
2025-10-30 12:14:34 - LinienDataHandler - INFO - All reference lines loaded successfully.
2025-10-30 12:16:58 - LinienDataHandler - INFO - Saved reference line: REFERENCE_LINE_feature_1.npy
2025-10-30 12:16:58 - LinienDataHandler - INFO - All reference lines loaded successfully.
2025-10-30 13:51:14 - LinienDataHandler - INFO - All reference lines loaded successfully.
2025-10-30 13:55:46 - LinienDataHandler - INFO - Saved reference line: REFERENCE_LINE_feature_1.npy
2025-10-30 13:55:46 - LinienDataHandler - INFO - All reference lines loaded successfully.
2025-10-30 13:56:20 - LinienDataHandler - INFO - Saved reference line: REFERENCE_LINE_feature_1.npy
2025-10-30 13:56:20 - LinienDataHandler - INFO - All reference lines loaded successfully.
2025-10-30 13:56:26 - LinienDataHandler - INFO - Saved reference line: REFERENCE_LINE_feature_1.npy
2025-10-30 13:56:26 - LinienDataHandler - INFO - All reference lines loaded successfully.
2025-10-30 13:56:38 - LinienDataHandler - INFO - Saved reference line: REFERENCE_LINE_feature_1.npy
2025-10-30 13:56:38 - LinienDataHandler - INFO - All reference lines loaded successfully.
2025-10-30 15:32:29 - LinienDataHandler - INFO - All reference lines loaded successfully.
2025-10-30 16:55:07 - LinienDataHandler - INFO - All reference lines loaded successfully.
2025-10-30 17:08:00 - LinienDataHandler - INFO - All reference lines loaded successfully.
2025-11-03 08:57:53 - LinienDataHandler - INFO - All reference lines loaded successfully.
2025-11-03 09:00:25 - LinienDataHandler - INFO - Saved reference line: REFERENCE_LINE_feature_1.npy
2025-11-03 09:00:25 - LinienDataHandler - INFO - All reference lines loaded successfully.
2025-11-03 09:01:01 - LinienDataHandler - INFO - Saved reference line: REFERENCE_LINE_feature_1.npy
2025-11-03 09:01:01 - LinienDataHandler - INFO - All reference lines loaded successfully.
2025-11-04 09:53:26 - LinienDataHandler - INFO - All reference lines loaded successfully.
2025-11-04 09:54:15 - LinienDataHandler - INFO - Saved reference line: REFERENCE_LINE_feature_1.npy
2025-11-04 09:54:15 - LinienDataHandler - INFO - All reference lines loaded successfully.
2025-11-04 09:55:00 - LinienDataHandler - INFO - Saved reference line: REFERENCE_LINE_feature_1.npy
2025-11-04 09:55:00 - LinienDataHandler - INFO - All reference lines loaded successfully.
2025-11-04 09:55:10 - LinienDataHandler - INFO - Saved reference line: REFERENCE_LINE_feature_1.npy
2025-11-04 09:55:10 - LinienDataHandler - INFO - All reference lines loaded successfully.
2025-11-04 09:55:18 - LinienDataHandler - INFO - Saved reference line: REFERENCE_LINE_feature_1.npy
2025-11-04 09:55:18 - LinienDataHandler - INFO - All reference lines loaded successfully.
2025-11-04 09:55:22 - LinienDataHandler - INFO - Saved reference line: REFERENCE_LINE_feature_1.npy
2025-11-04 09:55:22 - LinienDataHandler - INFO - All reference lines loaded successfully.
2025-11-04 09:55:26 - LinienDataHandler - INFO - Saved reference line: REFERENCE_LINE_feature_1.npy
2025-11-04 09:55:26 - LinienDataHandler - INFO - All reference lines loaded successfully.
2025-11-18 10:20:06 - LinienDataHandler - INFO - All reference lines loaded successfully.
2025-11-18 10:32:31 - LinienDataHandler - INFO - All reference lines loaded successfully.
2025-11-18 10:34:43 - LinienDataHandler - INFO - Saved reference line: REFERENCE_LINE_feature_1.npy
2025-11-18 10:34:43 - LinienDataHandler - INFO - All reference lines loaded successfully.
2025-11-18 10:35:25 - LinienDataHandler - INFO - Saved reference line: REFERENCE_LINE_feature_1.npy
2025-11-18 10:35:25 - LinienDataHandler - INFO - All reference lines loaded successfully.
2025-11-18 10:35:49 - LinienDataHandler - INFO - Saved reference line: REFERENCE_LINE_feature_1.npy
2025-11-18 10:35:49 - LinienDataHandler - INFO - All reference lines loaded successfully.
2025-11-18 10:35:54 - LinienDataHandler - INFO - Saved reference line: REFERENCE_LINE_feature_1.npy
2025-11-18 10:35:54 - LinienDataHandler - INFO - All reference lines loaded successfully.
2025-11-18 10:50:45 - LinienDataHandler - INFO - All reference lines loaded successfully.
2025-11-18 10:51:33 - LinienDataHandler - INFO - Saved reference line: REFERENCE_LINE_feature_1.npy
2025-11-18 10:51:33 - LinienDataHandler - INFO - All reference lines loaded successfully.
2025-11-18 10:52:18 - LinienDataHandler - INFO - Saved reference line: REFERENCE_LINE_feature_1.npy
2025-11-18 10:52:18 - LinienDataHandler - INFO - All reference lines loaded successfully.
2025-11-18 10:52:35 - LinienDataHandler - INFO - Saved reference line: REFERENCE_LINE_feature_1.npy
2025-11-18 10:52:35 - LinienDataHandler - INFO - All reference lines loaded successfully.
2025-11-18 11:51:10 - LinienDataHandler - INFO - All reference lines loaded successfully.
2025-11-18 12:07:27 - LinienDataHandler - INFO - All reference lines loaded successfully.
2025-11-18 13:36:14 - LinienDataHandler - INFO - All reference lines loaded successfully.
2025-11-18 13:38:25 - LinienDataHandler - INFO - Saved reference line: REFERENCE_LINE_feature_1.npy
2025-11-18 13:38:25 - LinienDataHandler - INFO - All reference lines loaded successfully.
2025-11-18 13:38:58 - LinienDataHandler - INFO - Saved reference line: REFERENCE_LINE_feature_1.npy
2025-11-18 13:38:58 - LinienDataHandler - INFO - All reference lines loaded successfully.
2025-11-18 13:39:16 - LinienDataHandler - INFO - Saved reference line: REFERENCE_LINE_feature_1.npy
2025-11-18 13:39:16 - LinienDataHandler - INFO - All reference lines loaded successfully.
2025-11-18 13:39:22 - LinienDataHandler - INFO - Saved reference line: REFERENCE_LINE_feature_1.npy
2025-11-18 13:39:22 - LinienDataHandler - INFO - All reference lines loaded successfully.
2025-11-18 14:15:47 - LinienDataHandler - INFO - All reference lines loaded successfully.
2025-11-18 14:58:20 - LinienDataHandler - INFO - All reference lines loaded successfully.
2025-11-18 14:59:38 - LinienDataHandler - INFO - Saved reference line: REFERENCE_LINE_feature_1.npy
2025-11-18 14:59:38 - LinienDataHandler - INFO - All reference lines loaded successfully.
2025-11-18 15:00:55 - LinienDataHandler - INFO - Saved reference line: REFERENCE_LINE_feature_1.npy
2025-11-18 15:00:55 - LinienDataHandler - INFO - All reference lines loaded successfully.
2025-11-18 15:01:10 - LinienDataHandler - INFO - Saved reference line: REFERENCE_LINE_feature_1.npy
2025-11-18 15:01:10 - LinienDataHandler - INFO - All reference lines loaded successfully.
2025-11-18 15:38:52 - LinienDataHandler - INFO - All reference lines loaded successfully.
2025-11-18 16:43:51 - LinienDataHandler - INFO - All reference lines loaded successfully.
2025-11-19 10:05:44 - LinienDataHandler - INFO - All reference lines loaded successfully.
2025-11-19 10:07:40 - LinienDataHandler - INFO - Saved reference line: REFERENCE_LINE_feature_1.npy
2025-11-19 10:07:40 - LinienDataHandler - INFO - All reference lines loaded successfully.
2025-11-19 10:08:13 - LinienDataHandler - INFO - Saved reference line: REFERENCE_LINE_feature_1.npy
2025-11-19 10:08:13 - LinienDataHandler - ERROR - Failed to load reference lines: too many indices for array: array is 1-dimensional, but 2 were indexed
2025-11-19 10:08:13 - LinienDataHandler - ERROR - Traceback (most recent call last):
  File "/home/bec3/Desktop/Simone_Damian/Serafini/spectroscopy_lib/data_handler.py", line 34, in _load_reference_lines
    "x": reference_line[:, 0],
IndexError: too many indices for array: array is 1-dimensional, but 2 were indexed

2025-11-19 10:08:26 - LinienDataHandler - INFO - Saved reference line: REFERENCE_LINE_feature_1.npy
2025-11-19 10:08:26 - LinienDataHandler - INFO - All reference lines loaded successfully.
2025-11-19 10:08:33 - LinienDataHandler - INFO - Saved reference line: REFERENCE_LINE_feature_1.npy
2025-11-19 10:08:33 - LinienDataHandler - INFO - All reference lines loaded successfully.
2025-11-19 10:08:37 - LinienDataHandler - INFO - Saved reference line: REFERENCE_LINE_feature_1.npy
2025-11-19 10:08:37 - LinienDataHandler - INFO - All reference lines loaded successfully.
2025-11-19 10:08:41 - LinienDataHandler - INFO - Saved reference line: REFERENCE_LINE_feature_1.npy
2025-11-19 10:08:41 - LinienDataHandler - INFO - All reference lines loaded successfully.
2025-11-19 10:14:29 - LinienDataHandler - INFO - All reference lines loaded successfully.
2025-11-19 10:57:33 - LinienDataHandler - INFO - All reference lines loaded successfully.
2025-11-19 12:03:54 - LinienDataHandler - INFO - All reference lines loaded successfully.
2025-11-19 12:05:11 - LinienDataHandler - INFO - All reference lines loaded successfully.
2025-11-20 09:42:56 - LinienDataHandler - INFO - All reference lines loaded successfully.
2025-11-20 09:45:16 - LinienDataHandler - INFO - Saved reference line: REFERENCE_LINE_feature_1.npy
2025-11-20 09:45:16 - LinienDataHandler - INFO - All reference lines loaded successfully.
2025-11-20 09:45:55 - LinienDataHandler - INFO - Saved reference line: REFERENCE_LINE_feature_1.npy
2025-11-20 09:45:55 - LinienDataHandler - INFO - All reference lines loaded successfully.
2025-11-20 09:46:03 - LinienDataHandler - INFO - Saved reference line: REFERENCE_LINE_feature_1.npy
2025-11-20 09:46:03 - LinienDataHandler - INFO - All reference lines loaded successfully.
2025-11-20 09:46:09 - LinienDataHandler - INFO - Saved reference line: REFERENCE_LINE_feature_1.npy
2025-11-20 09:46:09 - LinienDataHandler - INFO - All reference lines loaded successfully.
2025-11-20 09:46:14 - LinienDataHandler - INFO - Saved reference line: REFERENCE_LINE_feature_1.npy
2025-11-20 09:46:14 - LinienDataHandler - INFO - All reference lines loaded successfully.
2025-11-20 10:53:37 - LinienDataHandler - INFO - All reference lines loaded successfully.
2025-11-20 10:59:11 - LinienDataHandler - INFO - All reference lines loaded successfully.
2025-11-20 10:59:41 - LinienDataHandler - INFO - Saved reference line: REFERENCE_LINE_feature_1.npy
2025-11-20 10:59:41 - LinienDataHandler - INFO - All reference lines loaded successfully.
2025-11-20 11:00:14 - LinienDataHandler - INFO - Saved reference line: REFERENCE_LINE_feature_1.npy
2025-11-20 11:00:14 - LinienDataHandler - INFO - All reference lines loaded successfully.
2025-11-20 11:00:24 - LinienDataHandler - INFO - Saved reference line: REFERENCE_LINE_feature_1.npy
2025-11-20 11:00:24 - LinienDataHandler - INFO - All reference lines loaded successfully.
2025-11-20 12:35:01 - LinienDataHandler - INFO - All reference lines loaded successfully.
2025-11-20 12:44:12 - LinienDataHandler - INFO - All reference lines loaded successfully.
2025-11-24 08:43:48 - LinienDataHandler - INFO - All reference lines loaded successfully.
2025-11-24 08:46:50 - LinienDataHandler - INFO - Saved reference line: REFERENCE_LINE_feature_1.npy
2025-11-24 08:46:50 - LinienDataHandler - INFO - All reference lines loaded successfully.
2025-11-24 08:47:28 - LinienDataHandler - INFO - Saved reference line: REFERENCE_LINE_feature_1.npy
2025-11-24 08:47:28 - LinienDataHandler - INFO - All reference lines loaded successfully.
2025-11-24 13:31:15 - LinienDataHandler - INFO - All reference lines loaded successfully.
2025-11-24 13:32:25 - LinienDataHandler - INFO - All reference lines loaded successfully.
2025-11-24 13:33:01 - LinienDataHandler - INFO - Saved reference line: REFERENCE_LINE_feature_1.npy
2025-11-24 13:33:01 - LinienDataHandler - INFO - All reference lines loaded successfully.
2025-11-24 13:33:48 - LinienDataHandler - INFO - Saved reference line: REFERENCE_LINE_feature_1.npy
2025-11-24 13:33:48 - LinienDataHandler - INFO - All reference lines loaded successfully.
2025-11-24 13:39:07 - LinienDataHandler - INFO - Saved reference line: REFERENCE_LINE_feature_1.npy
2025-11-24 13:39:07 - LinienDataHandler - INFO - All reference lines loaded successfully.
2025-11-24 13:40:40 - LinienDataHandler - INFO - All reference lines loaded successfully.
2025-11-24 13:41:31 - LinienDataHandler - INFO - Saved reference line: REFERENCE_LINE_feature_1.npy
2025-11-24 13:41:31 - LinienDataHandler - INFO - All reference lines loaded successfully.
2025-11-24 13:41:54 - LinienDataHandler - INFO - Saved reference line: REFERENCE_LINE_feature_1.npy
2025-11-24 13:41:54 - LinienDataHandler - INFO - All reference lines loaded successfully.
2025-11-24 13:57:28 - LinienDataHandler - INFO - All reference lines loaded successfully.
2025-11-25 11:28:33 - LinienDataHandler - INFO - All reference lines loaded successfully.
2025-11-25 11:29:39 - LinienDataHandler - INFO - Saved reference line: REFERENCE_LINE_feature_1.npy
2025-11-25 11:29:39 - LinienDataHandler - INFO - All reference lines loaded successfully.
2025-11-25 11:34:18 - LinienDataHandler - INFO - Saved reference line: REFERENCE_LINE_feature_1.npy
2025-11-25 11:34:18 - LinienDataHandler - INFO - All reference lines loaded successfully.
2025-11-25 11:35:03 - LinienDataHandler - INFO - Saved reference line: REFERENCE_LINE_feature_1.npy
2025-11-25 11:35:03 - LinienDataHandler - INFO - All reference lines loaded successfully.
2025-11-25 11:35:42 - LinienDataHandler - INFO - Saved reference line: REFERENCE_LINE_feature_1.npy
2025-11-25 11:35:42 - LinienDataHandler - INFO - All reference lines loaded successfully.
2025-11-25 11:35:53 - LinienDataHandler - INFO - Saved reference line: REFERENCE_LINE_feature_1.npy
2025-11-25 11:35:53 - LinienDataHandler - INFO - All reference lines loaded successfully.
2025-11-25 11:36:00 - LinienDataHandler - INFO - Saved reference line: REFERENCE_LINE_feature_1.npy
2025-11-25 11:36:00 - LinienDataHandler - INFO - All reference lines loaded successfully.
2025-11-25 11:36:04 - LinienDataHandler - INFO - Saved reference line: REFERENCE_LINE_feature_1.npy
2025-11-25 11:36:04 - LinienDataHandler - INFO - All reference lines loaded successfully.
2025-11-25 11:40:06 - LinienDataHandler - INFO - All reference lines loaded successfully.
2025-11-25 11:46:00 - LinienDataHandler - INFO - All reference lines loaded successfully.
2025-11-25 11:46:52 - LinienDataHandler - INFO - Saved reference line: REFERENCE_LINE_feature_1.npy
2025-11-25 11:46:52 - LinienDataHandler - INFO - All reference lines loaded successfully.
2025-11-25 11:47:09 - LinienDataHandler - INFO - Saved reference line: REFERENCE_LINE_feature_1.npy
2025-11-25 11:47:09 - LinienDataHandler - INFO - All reference lines loaded successfully.
2025-11-25 11:47:17 - LinienDataHandler - INFO - Saved reference line: REFERENCE_LINE_feature_1.npy
2025-11-25 11:47:17 - LinienDataHandler - INFO - All reference lines loaded successfully.
2025-11-25 11:47:24 - LinienDataHandler - INFO - Saved reference line: REFERENCE_LINE_feature_1.npy
2025-11-25 11:47:24 - LinienDataHandler - INFO - All reference lines loaded successfully.
2025-11-25 11:47:27 - LinienDataHandler - INFO - Saved reference line: REFERENCE_LINE_feature_1.npy
2025-11-25 11:47:27 - LinienDataHandler - INFO - All reference lines loaded successfully.
2025-11-25 11:53:49 - LinienDataHandler - INFO - All reference lines loaded successfully.
2025-11-25 11:54:22 - LinienDataHandler - INFO - Saved reference line: REFERENCE_LINE_feature_1.npy
2025-11-25 11:54:22 - LinienDataHandler - INFO - All reference lines loaded successfully.
2025-11-25 11:54:28 - LinienDataHandler - INFO - Saved reference line: REFERENCE_LINE_feature_1.npy
2025-11-25 11:54:28 - LinienDataHandler - INFO - All reference lines loaded successfully.
2025-11-25 11:57:28 - LinienDataHandler - INFO - All reference lines loaded successfully.
2025-11-25 11:59:05 - LinienDataHandler - INFO - All reference lines loaded successfully.
2025-11-25 16:26:20 - LinienDataHandler - INFO - All reference lines loaded successfully.
2025-11-25 16:37:51 - LinienDataHandler - INFO - All reference lines loaded successfully.
2025-11-25 17:02:46 - LinienDataHandler - INFO - All reference lines loaded successfully.
2025-11-25 17:31:29 - LinienDataHandler - INFO - All reference lines loaded successfully.
2025-11-26 10:43:24 - LinienDataHandler - INFO - All reference lines loaded successfully.
2025-11-26 10:55:26 - LinienDataHandler - INFO - All reference lines loaded successfully.
2025-11-26 11:02:50 - LinienDataHandler - INFO - All reference lines loaded successfully.
2025-11-26 11:12:42 - LinienDataHandler - INFO - All reference lines loaded successfully.
2025-11-26 12:07:25 - LinienDataHandler - INFO - All reference lines loaded successfully.
